#
# There is insufficient memory for the Java Runtime Environment to continue.
# Native memory allocation (mmap) failed to map 121634816 bytes for committing reserved memory.
# Possible reasons:
#   The system is out of physical RAM or swap space
#   The process is running with CompressedOops enabled, and the Java Heap may be blocking the growth of the native heap
# Possible solutions:
#   Reduce memory load on the system
#   Increase physical memory or swap space
#   Check if swap backing store is full
#   Decrease Java heap size (-Xmx/-Xms)
#   Decrease number of Java threads
#   Decrease Java thread stack sizes (-Xss)
#   Set larger code cache with -XX:ReservedCodeCacheSize=
#   JVM is running with Unscaled Compressed Oops mode in which the Java heap is
#     placed in the first 4GB address space. The Java Heap base address is the
#     maximum limit for the native heap growth. Please use -XX:HeapBaseMinAddress
#     to set the Java Heap base and to place the Java Heap above 4GB virtual address.
# This output file may be truncated or incomplete.
#
#  Out of Memory Error (os_linux.cpp:2985), pid=9589, tid=9597
#
# JRE version: OpenJDK Runtime Environment (11.0.11+9) (build 11.0.11+9-Ubuntu-0ubuntu2.16.04)
# Java VM: OpenJDK 64-Bit Server VM (11.0.11+9-Ubuntu-0ubuntu2.16.04, mixed mode, sharing, tiered, compressed oops, g1 gc, linux-amd64)
# Core dump will be written. Default location: Core dumps may be processed with "/usr/share/apport/apport %p %s %c %d %P %E" (or dumping to /home/nindaba/Documents/Spring/Restorant/order-service-0.2/core.9589)
#

---------------  S U M M A R Y ------------

Command Line: -Xverify:none -XX:TieredStopAtLevel=1 com.yadlings.orderservice02.Application

Host: AMD E-350 Processor, 2 cores, 2G, Ubuntu 16.04.7 LTS
Time: Thu Nov 11 16:22:57 2021 CET elapsed time: 294.411020 seconds (0d 0h 4m 54s)

---------------  T H R E A D  ---------------

Current thread (0x00007f3dec0ae000):  VMThread "VM Thread" [stack: 0x00007f3dcd44f000,0x00007f3dcd54f000] [id=9597]

Stack: [0x00007f3dcd44f000,0x00007f3dcd54f000],  sp=0x00007f3dcd54cea0,  free space=1015k
Native frames: (J=compiled Java code, A=aot compiled Java code, j=interpreted, Vv=VM code, C=native code)
V  [libjvm.so+0xe1d94a]
V  [libjvm.so+0xe1e5fb]
V  [libjvm.so+0x64ad05]
V  [libjvm.so+0xb78038]
V  [libjvm.so+0xb6e4dd]
V  [libjvm.so+0x76262f]
V  [libjvm.so+0x7629de]
V  [libjvm.so+0x76c076]
V  [libjvm.so+0x7e4774]
V  [libjvm.so+0x7e5380]
V  [libjvm.so+0x7e5797]
V  [libjvm.so+0x7202e0]
V  [libjvm.so+0x724cac]
V  [libjvm.so+0xe28914]
V  [libjvm.so+0xe20108]
V  [libjvm.so+0xe25ff7]
V  [libjvm.so+0xe26688]
V  [libjvm.so+0xe26993]
V  [libjvm.so+0xdb7d99]
V  [libjvm.so+0xb7c8fe]

VM_Operation (0x00007f3d960f45a0): G1CollectForAllocation, mode: safepoint, requested by thread 0x00007f3db402f000


---------------  P R O C E S S  ---------------

Threads class SMR info:
_java_thread_list=0x00007f3db40354f0, length=27, elements={
0x00007f3dec0b1000, 0x00007f3dec0b3000, 0x00007f3dec0b9800, 0x00007f3dec0bb800,
0x00007f3dec0bd800, 0x00007f3dec0bf800, 0x00007f3dec102000, 0x00007f3decbd7800,
0x00007f3decd12800, 0x00007f3decd1a000, 0x00007f3da0205800, 0x00007f3db4028000,
0x00007f3db402c800, 0x00007f3db402f000, 0x00007f3db4030800, 0x00007f3db4032000,
0x00007f3db4034000, 0x00007f3db000a000, 0x00007f3dc8003800, 0x00007f3dc4001800,
0x00007f3dbc131000, 0x00007f3ded09f000, 0x00007f3ded0a4000, 0x00007f3dec029800,
0x00007f3d9806b800, 0x00007f3d9c1e0000, 0x00007f3d9c1e6800
}

Java Threads: ( => current thread )
  0x00007f3dec0b1000 JavaThread "Reference Handler" daemon [_thread_blocked, id=9598, stack(0x00007f3dcd34d000,0x00007f3dcd44e000)]
  0x00007f3dec0b3000 JavaThread "Finalizer" daemon [_thread_blocked, id=9599, stack(0x00007f3dcd24c000,0x00007f3dcd34d000)]
  0x00007f3dec0b9800 JavaThread "Signal Dispatcher" daemon [_thread_blocked, id=9600, stack(0x00007f3dcce72000,0x00007f3dccf73000)]
  0x00007f3dec0bb800 JavaThread "Service Thread" daemon [_thread_blocked, id=9601, stack(0x00007f3dccd71000,0x00007f3dcce72000)]
  0x00007f3dec0bd800 JavaThread "C1 CompilerThread0" daemon [_thread_blocked, id=9602, stack(0x00007f3dccc70000,0x00007f3dccd71000)]
  0x00007f3dec0bf800 JavaThread "Sweeper thread" daemon [_thread_blocked, id=9603, stack(0x00007f3dccb6f000,0x00007f3dccc70000)]
  0x00007f3dec102000 JavaThread "Common-Cleaner" daemon [_thread_blocked, id=9605, stack(0x00007f3dcc96d000,0x00007f3dcca6e000)]
  0x00007f3decbd7800 JavaThread "boundedElastic-evictor-1" daemon [_thread_blocked, id=9609, stack(0x00007f3d97eff000,0x00007f3d98000000)]
  0x00007f3decd12800 JavaThread "reactive-kafka-Reactive-group-1-1" [_thread_blocked, id=9610, stack(0x00007f3d96ffe000,0x00007f3d970ff000)]
  0x00007f3decd1a000 JavaThread "parallel-1" daemon [_thread_blocked, id=9611, stack(0x00007f3d96efd000,0x00007f3d96ffe000)]
  0x00007f3da0205800 JavaThread "kafka-coordinator-heartbeat-thread | Reactive-group-1" daemon [_thread_blocked, id=9612, stack(0x00007f3d965f9000,0x00007f3d966fa000)]
  0x00007f3db4028000 JavaThread "cluster-ClusterId{value='618d3442f45c242b10bc9326', description='null'}-cluster0-shard-00-01.jumeb.mongodb.net:27017" daemon [_thread_blocked, id=9617, stack(0x00007f3d961f7000,0x00007f3d962f8000)]
  0x00007f3db402c800 JavaThread "cluster-rtt-ClusterId{value='618d3442f45c242b10bc9326', description='null'}-cluster0-shard-00-01.jumeb.mongodb.net:27017" daemon [_thread_blocked, id=9618, stack(0x00007f3d960f6000,0x00007f3d961f7000)]
  0x00007f3db402f000 JavaThread "cluster-ClusterId{value='618d3442f45c242b10bc9326', description='null'}-cluster0-shard-00-00.jumeb.mongodb.net:27017" daemon [_thread_blocked, id=9619, stack(0x00007f3d95ff5000,0x00007f3d960f6000)]
  0x00007f3db4030800 JavaThread "cluster-rtt-ClusterId{value='618d3442f45c242b10bc9326', description='null'}-cluster0-shard-00-00.jumeb.mongodb.net:27017" daemon [_thread_blocked, id=9620, stack(0x00007f3d95ef4000,0x00007f3d95ff5000)]
  0x00007f3db4032000 JavaThread "cluster-ClusterId{value='618d3442f45c242b10bc9326', description='null'}-cluster0-shard-00-02.jumeb.mongodb.net:27017" daemon [_thread_blocked, id=9621, stack(0x00007f3d95df3000,0x00007f3d95ef4000)]
  0x00007f3db4034000 JavaThread "cluster-rtt-ClusterId{value='618d3442f45c242b10bc9326', description='null'}-cluster0-shard-00-02.jumeb.mongodb.net:27017" daemon [_thread_blocked, id=9622, stack(0x00007f3d956cd000,0x00007f3d957ce000)]
  0x00007f3db000a000 JavaThread "nioEventLoopGroup-3-1" [_thread_blocked, id=9623, stack(0x00007f3d953cc000,0x00007f3d954cd000)]
  0x00007f3dc8003800 JavaThread "nioEventLoopGroup-3-4" [_thread_blocked, id=9624, stack(0x00007f3d952cb000,0x00007f3d953cc000)]
  0x00007f3dc4001800 JavaThread "nioEventLoopGroup-3-3" [_thread_blocked, id=9625, stack(0x00007f3d951ca000,0x00007f3d952cb000)]
  0x00007f3dbc131000 JavaThread "nioEventLoopGroup-3-2" [_thread_blocked, id=9626, stack(0x00007f3d950c9000,0x00007f3d951ca000)]
  0x00007f3ded09f000 JavaThread "reactor-http-epoll-1" daemon [_thread_in_native, id=9634, stack(0x00007f3d9016c000,0x00007f3d9026d000)]
  0x00007f3ded0a4000 JavaThread "server" [_thread_blocked, id=9635, stack(0x00007f3d9006b000,0x00007f3d9016c000)]
  0x00007f3dec029800 JavaThread "DestroyJavaVM" [_thread_blocked, id=9590, stack(0x00007f3df50b1000,0x00007f3df51b2000)]
  0x00007f3d9806b800 JavaThread "reactor-http-epoll-2" daemon [_thread_in_native, id=9639, stack(0x00007f3d8ff6a000,0x00007f3d9006b000)]
  0x00007f3d9c1e0000 JavaThread "kafka-producer-network-thread | producer-1" daemon [_thread_blocked, id=9640, stack(0x00007f3d8fa69000,0x00007f3d8fb6a000)]
  0x00007f3d9c1e6800 JavaThread "reactor-kafka-sender-1505111213" [_thread_blocked, id=9641, stack(0x00007f3d8f968000,0x00007f3d8fa69000)]

Other Threads:
=>0x00007f3dec0ae000 VMThread "VM Thread" [stack: 0x00007f3dcd44f000,0x00007f3dcd54f000] [id=9597]
  0x00007f3dec0ff800 WatcherThread [stack: 0x00007f3dcca6f000,0x00007f3dccb6f000] [id=9604]
  0x00007f3dec041800 GCTaskThread "GC Thread#0" [stack: 0x00007f3df16ad000,0x00007f3df17ad000] [id=9592]
  0x00007f3dbc001000 GCTaskThread "GC Thread#1" [stack: 0x00007f3dcc445000,0x00007f3dcc545000] [id=9606]
  0x00007f3dec055000 ConcurrentGCThread "G1 Main Marker" [stack: 0x00007f3df05a8000,0x00007f3df06a8000] [id=9593]
  0x00007f3dec057000 ConcurrentGCThread "G1 Conc#0" [stack: 0x00007f3df04a7000,0x00007f3df05a7000] [id=9594]
  0x00007f3dec082000 ConcurrentGCThread "G1 Refine#0" [stack: 0x00007f3df01a4000,0x00007f3df02a4000] [id=9595]
  0x00007f3dec084000 ConcurrentGCThread "G1 Young RemSet Sampling" [stack: 0x00007f3df00a3000,0x00007f3df01a3000] [id=9596]

Threads with active compile tasks:
C1 CompilerThread0 301307 5593       1       io.netty.util.internal.PlatformDependent0::getLong (9 bytes)

VM state:at safepoint (normal execution)

VM Mutex/Monitor currently owned by a thread:  ([mutex/lock_event])
[0x00007f3dec025ac0] Threads_lock - owner thread: 0x00007f3dec0ae000
[0x00007f3dec0262a0] Heap_lock - owner thread: 0x00007f3db402f000

Heap address: 0x00000000d7400000, size: 652 MB, Compressed Oops mode: 32-bit
Narrow klass base: 0x0000000800000000, Narrow klass shift: 3
Compressed class space size: 1073741824 Address: 0x0000000840000000

Heap:
 garbage-first heap   total 232448K, used 95707K [0x00000000d7400000, 0x0000000100000000)
  region size 1024K, 1 young (1024K), 1 survivors (1024K)
 Metaspace       used 52485K, capacity 54638K, committed 54860K, reserved 1095680K
  class space    used 6792K, capacity 7694K, committed 7756K, reserved 1048576K
Heap Regions: E=young(eden), S=young(survivor), O=old, HS=humongous(starts), HC=humongous(continues), CS=collection set, F=free, A=archive, TAMS=top-at-mark-start (previous, next)
|   0|0x00000000d7400000, 0x00000000d7500000, 0x00000000d7500000|100%| O|  |TAMS 0x00000000d7500000, 0x00000000d7400000| Untracked 
|   1|0x00000000d7500000, 0x00000000d7600000, 0x00000000d7600000|100%| O|  |TAMS 0x00000000d7600000, 0x00000000d7500000| Untracked 
|   2|0x00000000d7600000, 0x00000000d7700000, 0x00000000d7700000|100%| O|  |TAMS 0x00000000d7700000, 0x00000000d7600000| Untracked 
|   3|0x00000000d7700000, 0x00000000d7800000, 0x00000000d7800000|100%| O|  |TAMS 0x00000000d7800000, 0x00000000d7700000| Untracked 
|   4|0x00000000d7800000, 0x00000000d7900000, 0x00000000d7900000|100%| O|  |TAMS 0x00000000d7900000, 0x00000000d7800000| Untracked 
|   5|0x00000000d7900000, 0x00000000d7a00000, 0x00000000d7a00000|100%| O|  |TAMS 0x00000000d7a00000, 0x00000000d7900000| Untracked 
|   6|0x00000000d7a00000, 0x00000000d7b00000, 0x00000000d7b00000|100%| O|  |TAMS 0x00000000d7b00000, 0x00000000d7a00000| Untracked 
|   7|0x00000000d7b00000, 0x00000000d7c00000, 0x00000000d7c00000|100%| O|  |TAMS 0x00000000d7c00000, 0x00000000d7b00000| Untracked 
|   8|0x00000000d7c00000, 0x00000000d7d00000, 0x00000000d7d00000|100%| O|  |TAMS 0x00000000d7d00000, 0x00000000d7c00000| Untracked 
|   9|0x00000000d7d00000, 0x00000000d7e00000, 0x00000000d7e00000|100%| O|  |TAMS 0x00000000d7e00000, 0x00000000d7d00000| Untracked 
|  10|0x00000000d7e00000, 0x00000000d7f00000, 0x00000000d7f00000|100%| O|  |TAMS 0x00000000d7f00000, 0x00000000d7e00000| Untracked 
|  11|0x00000000d7f00000, 0x00000000d8000000, 0x00000000d8000000|100%| O|  |TAMS 0x00000000d8000000, 0x00000000d7f00000| Untracked 
|  12|0x00000000d8000000, 0x00000000d8100000, 0x00000000d8100000|100%| O|  |TAMS 0x00000000d8100000, 0x00000000d8000000| Untracked 
|  13|0x00000000d8100000, 0x00000000d8200000, 0x00000000d8200000|100%| O|  |TAMS 0x00000000d8200000, 0x00000000d8100000| Untracked 
|  14|0x00000000d8200000, 0x00000000d8300000, 0x00000000d8300000|100%| O|  |TAMS 0x00000000d8300000, 0x00000000d8200000| Untracked 
|  15|0x00000000d8300000, 0x00000000d8400000, 0x00000000d8400000|100%| O|  |TAMS 0x00000000d8400000, 0x00000000d8300000| Untracked 
|  16|0x00000000d8400000, 0x00000000d8500000, 0x00000000d8500000|100%|HS|  |TAMS 0x00000000d8500000, 0x00000000d8400000| Complete 
|  17|0x00000000d8500000, 0x00000000d8600000, 0x00000000d8600000|100%|HC|  |TAMS 0x00000000d8600000, 0x00000000d8500000| Complete 
|  18|0x00000000d8600000, 0x00000000d8700000, 0x00000000d8700000|100%|HC|  |TAMS 0x00000000d8700000, 0x00000000d8600000| Complete 
|  19|0x00000000d8700000, 0x00000000d8800000, 0x00000000d8800000|100%|HC|  |TAMS 0x00000000d8800000, 0x00000000d8700000| Complete 
|  20|0x00000000d8800000, 0x00000000d8900000, 0x00000000d8900000|100%|HC|  |TAMS 0x00000000d8900000, 0x00000000d8800000| Complete 
|  21|0x00000000d8900000, 0x00000000d8a00000, 0x00000000d8a00000|100%|HC|  |TAMS 0x00000000d8a00000, 0x00000000d8900000| Complete 
|  22|0x00000000d8a00000, 0x00000000d8b00000, 0x00000000d8b00000|100%|HC|  |TAMS 0x00000000d8b00000, 0x00000000d8a00000| Complete 
|  23|0x00000000d8b00000, 0x00000000d8c00000, 0x00000000d8c00000|100%|HC|  |TAMS 0x00000000d8c00000, 0x00000000d8b00000| Complete 
|  24|0x00000000d8c00000, 0x00000000d8d00000, 0x00000000d8d00000|100%|HC|  |TAMS 0x00000000d8d00000, 0x00000000d8c00000| Complete 
|  25|0x00000000d8d00000, 0x00000000d8e00000, 0x00000000d8e00000|100%|HC|  |TAMS 0x00000000d8e00000, 0x00000000d8d00000| Complete 
|  26|0x00000000d8e00000, 0x00000000d8f00000, 0x00000000d8f00000|100%|HC|  |TAMS 0x00000000d8f00000, 0x00000000d8e00000| Complete 
|  27|0x00000000d8f00000, 0x00000000d9000000, 0x00000000d9000000|100%|HC|  |TAMS 0x00000000d9000000, 0x00000000d8f00000| Complete 
|  28|0x00000000d9000000, 0x00000000d9100000, 0x00000000d9100000|100%|HC|  |TAMS 0x00000000d9100000, 0x00000000d9000000| Complete 
|  29|0x00000000d9100000, 0x00000000d9200000, 0x00000000d9200000|100%|HC|  |TAMS 0x00000000d9200000, 0x00000000d9100000| Complete 
|  30|0x00000000d9200000, 0x00000000d9300000, 0x00000000d9300000|100%|HC|  |TAMS 0x00000000d9300000, 0x00000000d9200000| Complete 
|  31|0x00000000d9300000, 0x00000000d9400000, 0x00000000d9400000|100%|HC|  |TAMS 0x00000000d9400000, 0x00000000d9300000| Complete 
|  32|0x00000000d9400000, 0x00000000d9500000, 0x00000000d9500000|100%|HC|  |TAMS 0x00000000d9500000, 0x00000000d9400000| Complete 
|  33|0x00000000d9500000, 0x00000000d9600000, 0x00000000d9600000|100%| O|  |TAMS 0x00000000d9600000, 0x00000000d9500000| Untracked 
|  34|0x00000000d9600000, 0x00000000d9700000, 0x00000000d9700000|100%| O|  |TAMS 0x00000000d9700000, 0x00000000d9600000| Untracked 
|  35|0x00000000d9700000, 0x00000000d9800000, 0x00000000d9800000|100%| O|  |TAMS 0x00000000d9800000, 0x00000000d9700000| Untracked 
|  36|0x00000000d9800000, 0x00000000d9900000, 0x00000000d9900000|100%| O|  |TAMS 0x00000000d9900000, 0x00000000d9800000| Untracked 
|  37|0x00000000d9900000, 0x00000000d9a00000, 0x00000000d9a00000|100%| O|  |TAMS 0x00000000d9a00000, 0x00000000d9900000| Untracked 
|  38|0x00000000d9a00000, 0x00000000d9b00000, 0x00000000d9b00000|100%| O|  |TAMS 0x00000000d9b00000, 0x00000000d9a00000| Untracked 
|  39|0x00000000d9b00000, 0x00000000d9b5f600, 0x00000000d9c00000| 37%| O|  |TAMS 0x00000000d9b5f600, 0x00000000d9b00000| Untracked 
|  40|0x00000000d9c00000, 0x00000000d9c00000, 0x00000000d9d00000|  0%| F|  |TAMS 0x00000000d9c00000, 0x00000000d9c00000| Untracked 
|  41|0x00000000d9d00000, 0x00000000d9d00000, 0x00000000d9e00000|  0%| F|  |TAMS 0x00000000d9d00000, 0x00000000d9d00000| Untracked 
|  42|0x00000000d9e00000, 0x00000000d9e00000, 0x00000000d9f00000|  0%| F|  |TAMS 0x00000000d9e00000, 0x00000000d9e00000| Untracked 
|  43|0x00000000d9f00000, 0x00000000d9f00000, 0x00000000da000000|  0%| F|  |TAMS 0x00000000d9f00000, 0x00000000d9f00000| Untracked 
|  44|0x00000000da000000, 0x00000000da000000, 0x00000000da100000|  0%| F|  |TAMS 0x00000000da000000, 0x00000000da000000| Untracked 
|  45|0x00000000da100000, 0x00000000da100000, 0x00000000da200000|  0%| F|  |TAMS 0x00000000da100000, 0x00000000da100000| Untracked 
|  46|0x00000000da200000, 0x00000000da200000, 0x00000000da300000|  0%| F|  |TAMS 0x00000000da200000, 0x00000000da200000| Untracked 
|  47|0x00000000da300000, 0x00000000da300000, 0x00000000da400000|  0%| F|  |TAMS 0x00000000da300000, 0x00000000da300000| Untracked 
|  48|0x00000000da400000, 0x00000000da400000, 0x00000000da500000|  0%| F|  |TAMS 0x00000000da400000, 0x00000000da400000| Untracked 
|  49|0x00000000da500000, 0x00000000da500000, 0x00000000da600000|  0%| F|  |TAMS 0x00000000da500000, 0x00000000da500000| Untracked 
|  50|0x00000000da600000, 0x00000000da600000, 0x00000000da700000|  0%| F|  |TAMS 0x00000000da600000, 0x00000000da600000| Untracked 
|  51|0x00000000da700000, 0x00000000da800000, 0x00000000da800000|100%|HS|  |TAMS 0x00000000da800000, 0x00000000da700000| Untracked 
|  52|0x00000000da800000, 0x00000000da900000, 0x00000000da900000|100%|HC|  |TAMS 0x00000000da900000, 0x00000000da800000| Untracked 
|  53|0x00000000da900000, 0x00000000daa00000, 0x00000000daa00000|100%|HC|  |TAMS 0x00000000daa00000, 0x00000000da900000| Untracked 
|  54|0x00000000daa00000, 0x00000000dab00000, 0x00000000dab00000|100%|HC|  |TAMS 0x00000000dab00000, 0x00000000daa00000| Untracked 
|  55|0x00000000dab00000, 0x00000000dac00000, 0x00000000dac00000|100%|HC|  |TAMS 0x00000000dac00000, 0x00000000dab00000| Untracked 
|  56|0x00000000dac00000, 0x00000000dad00000, 0x00000000dad00000|100%|HC|  |TAMS 0x00000000dad00000, 0x00000000dac00000| Untracked 
|  57|0x00000000dad00000, 0x00000000dae00000, 0x00000000dae00000|100%|HC|  |TAMS 0x00000000dae00000, 0x00000000dad00000| Untracked 
|  58|0x00000000dae00000, 0x00000000daf00000, 0x00000000daf00000|100%|HC|  |TAMS 0x00000000daf00000, 0x00000000dae00000| Untracked 
|  59|0x00000000daf00000, 0x00000000db000000, 0x00000000db000000|100%|HC|  |TAMS 0x00000000db000000, 0x00000000daf00000| Untracked 
|  60|0x00000000db000000, 0x00000000db100000, 0x00000000db100000|100%|HC|  |TAMS 0x00000000db100000, 0x00000000db000000| Untracked 
|  61|0x00000000db100000, 0x00000000db200000, 0x00000000db200000|100%|HC|  |TAMS 0x00000000db200000, 0x00000000db100000| Untracked 
|  62|0x00000000db200000, 0x00000000db300000, 0x00000000db300000|100%|HC|  |TAMS 0x00000000db300000, 0x00000000db200000| Untracked 
|  63|0x00000000db300000, 0x00000000db400000, 0x00000000db400000|100%|HC|  |TAMS 0x00000000db400000, 0x00000000db300000| Untracked 
|  64|0x00000000db400000, 0x00000000db500000, 0x00000000db500000|100%|HC|  |TAMS 0x00000000db500000, 0x00000000db400000| Untracked 
|  65|0x00000000db500000, 0x00000000db600000, 0x00000000db600000|100%|HC|  |TAMS 0x00000000db600000, 0x00000000db500000| Untracked 
|  66|0x00000000db600000, 0x00000000db700000, 0x00000000db700000|100%|HC|  |TAMS 0x00000000db700000, 0x00000000db600000| Untracked 
|  67|0x00000000db700000, 0x00000000db800000, 0x00000000db800000|100%|HC|  |TAMS 0x00000000db800000, 0x00000000db700000| Untracked 
|  68|0x00000000db800000, 0x00000000db865880, 0x00000000db900000| 39%| S|CS|TAMS 0x00000000db800000, 0x00000000db800000| Complete 
|  69|0x00000000db900000, 0x00000000dba00000, 0x00000000dba00000|100%|HS|  |TAMS 0x00000000dba00000, 0x00000000db900000| Complete 
|  70|0x00000000dba00000, 0x00000000dbb00000, 0x00000000dbb00000|100%|HC|  |TAMS 0x00000000dbb00000, 0x00000000dba00000| Complete 
|  71|0x00000000dbb00000, 0x00000000dbc00000, 0x00000000dbc00000|100%|HC|  |TAMS 0x00000000dbc00000, 0x00000000dbb00000| Complete 
|  72|0x00000000dbc00000, 0x00000000dbd00000, 0x00000000dbd00000|100%|HC|  |TAMS 0x00000000dbd00000, 0x00000000dbc00000| Complete 
|  73|0x00000000dbd00000, 0x00000000dbe00000, 0x00000000dbe00000|100%|HC|  |TAMS 0x00000000dbe00000, 0x00000000dbd00000| Complete 
|  74|0x00000000dbe00000, 0x00000000dbf00000, 0x00000000dbf00000|100%|HC|  |TAMS 0x00000000dbf00000, 0x00000000dbe00000| Complete 
|  75|0x00000000dbf00000, 0x00000000dc000000, 0x00000000dc000000|100%|HC|  |TAMS 0x00000000dc000000, 0x00000000dbf00000| Complete 
|  76|0x00000000dc000000, 0x00000000dc100000, 0x00000000dc100000|100%|HC|  |TAMS 0x00000000dc100000, 0x00000000dc000000| Complete 
|  77|0x00000000dc100000, 0x00000000dc200000, 0x00000000dc200000|100%|HC|  |TAMS 0x00000000dc200000, 0x00000000dc100000| Complete 
|  78|0x00000000dc200000, 0x00000000dc300000, 0x00000000dc300000|100%|HC|  |TAMS 0x00000000dc300000, 0x00000000dc200000| Complete 
|  79|0x00000000dc300000, 0x00000000dc400000, 0x00000000dc400000|100%|HC|  |TAMS 0x00000000dc400000, 0x00000000dc300000| Complete 
|  80|0x00000000dc400000, 0x00000000dc500000, 0x00000000dc500000|100%|HC|  |TAMS 0x00000000dc500000, 0x00000000dc400000| Complete 
|  81|0x00000000dc500000, 0x00000000dc600000, 0x00000000dc600000|100%|HC|  |TAMS 0x00000000dc600000, 0x00000000dc500000| Complete 
|  82|0x00000000dc600000, 0x00000000dc700000, 0x00000000dc700000|100%|HC|  |TAMS 0x00000000dc700000, 0x00000000dc600000| Complete 
|  83|0x00000000dc700000, 0x00000000dc800000, 0x00000000dc800000|100%|HC|  |TAMS 0x00000000dc800000, 0x00000000dc700000| Complete 
|  84|0x00000000dc800000, 0x00000000dc900000, 0x00000000dc900000|100%|HC|  |TAMS 0x00000000dc900000, 0x00000000dc800000| Complete 
|  85|0x00000000dc900000, 0x00000000dca00000, 0x00000000dca00000|100%|HC|  |TAMS 0x00000000dca00000, 0x00000000dc900000| Complete 
|  86|0x00000000dca00000, 0x00000000dcb00000, 0x00000000dcb00000|100%|HS|  |TAMS 0x00000000dcb00000, 0x00000000dca00000| Untracked 
|  87|0x00000000dcb00000, 0x00000000dcc00000, 0x00000000dcc00000|100%|HC|  |TAMS 0x00000000dcc00000, 0x00000000dcb00000| Untracked 
|  88|0x00000000dcc00000, 0x00000000dcd00000, 0x00000000dcd00000|100%|HC|  |TAMS 0x00000000dcd00000, 0x00000000dcc00000| Untracked 
|  89|0x00000000dcd00000, 0x00000000dce00000, 0x00000000dce00000|100%|HC|  |TAMS 0x00000000dce00000, 0x00000000dcd00000| Untracked 
|  90|0x00000000dce00000, 0x00000000dcf00000, 0x00000000dcf00000|100%|HC|  |TAMS 0x00000000dcf00000, 0x00000000dce00000| Untracked 
|  91|0x00000000dcf00000, 0x00000000dd000000, 0x00000000dd000000|100%|HC|  |TAMS 0x00000000dd000000, 0x00000000dcf00000| Untracked 
|  92|0x00000000dd000000, 0x00000000dd100000, 0x00000000dd100000|100%|HC|  |TAMS 0x00000000dd100000, 0x00000000dd000000| Untracked 
|  93|0x00000000dd100000, 0x00000000dd200000, 0x00000000dd200000|100%|HC|  |TAMS 0x00000000dd200000, 0x00000000dd100000| Untracked 
|  94|0x00000000dd200000, 0x00000000dd300000, 0x00000000dd300000|100%|HC|  |TAMS 0x00000000dd300000, 0x00000000dd200000| Untracked 
|  95|0x00000000dd300000, 0x00000000dd400000, 0x00000000dd400000|100%|HC|  |TAMS 0x00000000dd400000, 0x00000000dd300000| Untracked 
|  96|0x00000000dd400000, 0x00000000dd500000, 0x00000000dd500000|100%|HC|  |TAMS 0x00000000dd500000, 0x00000000dd400000| Untracked 
|  97|0x00000000dd500000, 0x00000000dd600000, 0x00000000dd600000|100%|HC|  |TAMS 0x00000000dd600000, 0x00000000dd500000| Untracked 
|  98|0x00000000dd600000, 0x00000000dd700000, 0x00000000dd700000|100%|HC|  |TAMS 0x00000000dd700000, 0x00000000dd600000| Untracked 
|  99|0x00000000dd700000, 0x00000000dd800000, 0x00000000dd800000|100%|HC|  |TAMS 0x00000000dd800000, 0x00000000dd700000| Untracked 
| 100|0x00000000dd800000, 0x00000000dd900000, 0x00000000dd900000|100%|HC|  |TAMS 0x00000000dd900000, 0x00000000dd800000| Untracked 
| 101|0x00000000dd900000, 0x00000000dda00000, 0x00000000dda00000|100%|HC|  |TAMS 0x00000000dda00000, 0x00000000dd900000| Untracked 
| 102|0x00000000dda00000, 0x00000000ddb00000, 0x00000000ddb00000|100%|HC|  |TAMS 0x00000000ddb00000, 0x00000000dda00000| Untracked 
| 103|0x00000000ddb00000, 0x00000000ddb00000, 0x00000000ddc00000|  0%| F|  |TAMS 0x00000000ddb00000, 0x00000000ddb00000| Untracked 
| 104|0x00000000ddc00000, 0x00000000ddc00000, 0x00000000ddd00000|  0%| F|  |TAMS 0x00000000ddc00000, 0x00000000ddc00000| Untracked 
| 105|0x00000000ddd00000, 0x00000000dde00000, 0x00000000dde00000|100%| O|  |TAMS 0x00000000dde00000, 0x00000000ddd00000| Untracked 
| 106|0x00000000dde00000, 0x00000000ddf00000, 0x00000000ddf00000|100%| O|  |TAMS 0x00000000ddf00000, 0x00000000dde00000| Untracked 
| 107|0x00000000ddf00000, 0x00000000ddf00000, 0x00000000de000000|  0%| F|  |TAMS 0x00000000ddf00000, 0x00000000ddf00000| Untracked 
| 108|0x00000000de000000, 0x00000000de000000, 0x00000000de100000|  0%| F|  |TAMS 0x00000000de000000, 0x00000000de000000| Untracked 
| 650|0x00000000ffe00000, 0x00000000ffe47000, 0x00000000fff00000| 27%|OA|  |TAMS 0x00000000ffe47000, 0x00000000ffe00000| Untracked 
| 651|0x00000000fff00000, 0x00000000fff6b000, 0x0000000100000000| 41%|CA|  |TAMS 0x00000000fff6b000, 0x00000000fff00000| Untracked 

Card table byte_map: [0x00007f3df121e000,0x00007f3df1364000] _byte_map_base: 0x00007f3df0b64000

Marking Bits (Prev, Next): (CMBitMap*) 0x00007f3dec051cf0, (CMBitMap*) 0x00007f3dec051cb8
 Prev Bits: [0x00007f3dcf5d0000, 0x00007f3dd0000000)
 Next Bits: [0x00007f3df06a8000, 0x00007f3df10d8000)

Polling page: 0x00007f3df51d5000

Metaspace:

Usage:
  Non-class:     45,84 MB capacity,    44,62 MB ( 97%) used,   999,30 KB (  2%) free+waste,   251,44 KB ( <1%) overhead. 
      Class:      7,51 MB capacity,     6,63 MB ( 88%) used,   774,77 KB ( 10%) free+waste,   127,00 KB (  2%) overhead. 
       Both:     53,36 MB capacity,    51,26 MB ( 96%) used,     1,73 MB (  3%) free+waste,   378,44 KB ( <1%) overhead. 

Virtual space:
  Non-class space:       46,00 MB reserved,      46,00 MB (100%) committed 
      Class space:        1,00 GB reserved,       7,57 MB ( <1%) committed 
             Both:        1,04 GB reserved,      53,57 MB (  5%) committed 

Chunk freelists:
   Non-Class:  56,00 KB
       Class:  18,00 KB
        Both:  74,00 KB

MaxMetaspaceSize: unlimited
CompressedClassSpaceSize: 1,00 GB

CodeHeap 'non-profiled nmethods': size=239512Kb used=8387Kb max_used=8387Kb free=231124Kb
 bounds [0x00007f3dd4e92000, 0x00007f3dd56d2000, 0x00007f3de3878000]
CodeHeap 'non-nmethods': size=6248Kb used=1280Kb max_used=1280Kb free=4968Kb
 bounds [0x00007f3dd4878000, 0x00007f3dd4ae8000, 0x00007f3dd4e92000]
 total_blobs=6125 nmethods=5426 adapters=626
 compilation: enabled
              stopped_count=0, restarted_count=0
 full_count=0

Compilation events (20 events):
Event: 223,879 Thread 0x00007f3dec0bd800 nmethod 5573 0x00007f3dd56bfc90 code [0x00007f3dd56bfe40, 0x00007f3dd56bff10]
Event: 223,964 Thread 0x00007f3dec0bd800 5574       1       io.netty.channel.DefaultChannelPromise::<init> (19 bytes)
Event: 223,967 Thread 0x00007f3dec0bd800 nmethod 5574 0x00007f3dd56bff90 code [0x00007f3dd56c0180, 0x00007f3dd56c04d0]
Event: 223,968 Thread 0x00007f3dec0bd800 5576       1       java.util.concurrent.atomic.AtomicIntegerFieldUpdater$AtomicIntegerFieldUpdaterImpl::weakCompareAndSet (19 bytes)
Event: 224,009 Thread 0x00007f3dec0bd800 nmethod 5576 0x00007f3dd56c0690 code [0x00007f3dd56c0840, 0x00007f3dd56c09a0]
Event: 224,010 Thread 0x00007f3dec0bd800 5575       1       io.netty.util.Recycler$DefaultHandle::compareAndSetLastRecycledId (10 bytes)
Event: 224,011 Thread 0x00007f3dec0bd800 nmethod 5575 0x00007f3dd56c0a90 code [0x00007f3dd56c0c40, 0x00007f3dd56c0de0]
Event: 224,011 Thread 0x00007f3dec0bd800 5579       1       io.netty.handler.ssl.SslHandler::clearState (14 bytes)
Event: 224,855 Thread 0x00007f3dec0bd800 nmethod 5579 0x00007f3dd56c0e90 code [0x00007f3dd56c1040, 0x00007f3dd56c1110]
Event: 224,928 Thread 0x00007f3dec0bd800 5580       1       org.apache.kafka.common.utils.Utils::utf8 (8 bytes)
Event: 224,963 Thread 0x00007f3dec0bd800 nmethod 5580 0x00007f3dd56c1190 code [0x00007f3dd56c1340, 0x00007f3dd56c1400]
Event: 231,340 Thread 0x00007f3dec0bd800 5581       1       org.bson.BsonValue::isInt64 (5 bytes)
Event: 231,340 Thread 0x00007f3dec0bd800 nmethod 5581 0x00007f3dd56c1510 code [0x00007f3dd56c16c0, 0x00007f3dd56c17d0]
Event: 231,341 Thread 0x00007f3dec0bd800 5582       1       org.bson.BsonValue::isDouble (5 bytes)
Event: 231,341 Thread 0x00007f3dec0bd800 nmethod 5582 0x00007f3dd56c1890 code [0x00007f3dd56c1a40, 0x00007f3dd56c1b50]
Event: 231,341 Thread 0x00007f3dec0bd800 5583       1       org.bson.BsonDouble::intValue (6 bytes)
Event: 231,415 Thread 0x00007f3dec0bd800 nmethod 5583 0x00007f3dd56c1c10 code [0x00007f3dd56c1dc0, 0x00007f3dd56c1eb0]
Event: 231,499 Thread 0x00007f3dec0bd800 5584       1       io.netty.util.Recycler$WeakOrderQueue::transfer (291 bytes)
Event: 252,434 Thread 0x00007f3dec0bd800 nmethod 5584 0x00007f3dd56c1f10 code [0x00007f3dd56c2120, 0x00007f3dd56c2860]
Event: 256,812 Thread 0x00007f3dec0bd800 5593       1       io.netty.util.internal.PlatformDependent0::getLong (9 bytes)

GC Heap History (20 events):
Event: 45,960 GC heap after
{Heap after GC invocations=30 (full 0):
 garbage-first heap   total 113664K, used 94578K [0x00000000d7400000, 0x0000000100000000)
  region size 1024K, 1 young (1024K), 1 survivors (1024K)
 Metaspace       used 48983K, capacity 50922K, committed 51276K, reserved 1093632K
  class space    used 6316K, capacity 7131K, committed 7244K, reserved 1048576K
}
Event: 46,613 GC heap before
{Heap before GC invocations=30 (full 0):
 garbage-first heap   total 113664K, used 97650K [0x00000000d7400000, 0x0000000100000000)
  region size 1024K, 5 young (5120K), 1 survivors (1024K)
 Metaspace       used 49889K, capacity 51887K, committed 52172K, reserved 1093632K
  class space    used 6444K, capacity 7283K, committed 7372K, reserved 1048576K
}
Event: 46,628 GC heap after
{Heap after GC invocations=31 (full 0):
 garbage-first heap   total 113664K, used 94846K [0x00000000d7400000, 0x0000000100000000)
  region size 1024K, 1 young (1024K), 1 survivors (1024K)
 Metaspace       used 49889K, capacity 51887K, committed 52172K, reserved 1093632K
  class space    used 6444K, capacity 7283K, committed 7372K, reserved 1048576K
}
Event: 47,345 GC heap before
{Heap before GC invocations=32 (full 0):
 garbage-first heap   total 113664K, used 98942K [0x00000000d7400000, 0x0000000100000000)
  region size 1024K, 5 young (5120K), 1 survivors (1024K)
 Metaspace       used 50252K, capacity 52248K, committed 52428K, reserved 1093632K
  class space    used 6491K, capacity 7318K, committed 7372K, reserved 1048576K
}
Event: 47,357 GC heap after
{Heap after GC invocations=33 (full 0):
 garbage-first heap   total 113664K, used 94861K [0x00000000d7400000, 0x0000000100000000)
  region size 1024K, 1 young (1024K), 1 survivors (1024K)
 Metaspace       used 50252K, capacity 52248K, committed 52428K, reserved 1093632K
  class space    used 6491K, capacity 7318K, committed 7372K, reserved 1048576K
}
Event: 48,128 GC heap before
{Heap before GC invocations=33 (full 0):
 garbage-first heap   total 113664K, used 97933K [0x00000000d7400000, 0x0000000100000000)
  region size 1024K, 5 young (5120K), 1 survivors (1024K)
 Metaspace       used 50933K, capacity 52982K, committed 53068K, reserved 1095680K
  class space    used 6593K, capacity 7457K, committed 7500K, reserved 1048576K
}
Event: 48,141 GC heap after
{Heap after GC invocations=34 (full 0):
 garbage-first heap   total 113664K, used 95121K [0x00000000d7400000, 0x0000000100000000)
  region size 1024K, 1 young (1024K), 1 survivors (1024K)
 Metaspace       used 50933K, capacity 52982K, committed 53068K, reserved 1095680K
  class space    used 6593K, capacity 7457K, committed 7500K, reserved 1048576K
}
Event: 49,590 GC heap before
{Heap before GC invocations=35 (full 0):
 garbage-first heap   total 113664K, used 98193K [0x00000000d7400000, 0x0000000100000000)
  region size 1024K, 5 young (5120K), 1 survivors (1024K)
 Metaspace       used 51621K, capacity 53740K, committed 53964K, reserved 1095680K
  class space    used 6691K, capacity 7564K, committed 7628K, reserved 1048576K
}
Event: 49,606 GC heap after
{Heap after GC invocations=36 (full 0):
 garbage-first heap   total 113664K, used 95347K [0x00000000d7400000, 0x0000000100000000)
  region size 1024K, 1 young (1024K), 1 survivors (1024K)
 Metaspace       used 51621K, capacity 53740K, committed 53964K, reserved 1095680K
  class space    used 6691K, capacity 7564K, committed 7628K, reserved 1048576K
}
Event: 53,319 GC heap before
{Heap before GC invocations=36 (full 0):
 garbage-first heap   total 113664K, used 99443K [0x00000000d7400000, 0x0000000100000000)
  region size 1024K, 5 young (5120K), 1 survivors (1024K)
 Metaspace       used 52294K, capacity 54404K, committed 54604K, reserved 1095680K
  class space    used 6772K, capacity 7659K, committed 7756K, reserved 1048576K
}
Event: 53,335 GC heap after
{Heap after GC invocations=37 (full 0):
 garbage-first heap   total 113664K, used 95692K [0x00000000d7400000, 0x0000000100000000)
  region size 1024K, 1 young (1024K), 1 survivors (1024K)
 Metaspace       used 52294K, capacity 54404K, committed 54604K, reserved 1095680K
  class space    used 6772K, capacity 7659K, committed 7756K, reserved 1048576K
}
Event: 82,441 GC heap before
{Heap before GC invocations=38 (full 0):
 garbage-first heap   total 113664K, used 99788K [0x00000000d7400000, 0x0000000100000000)
  region size 1024K, 5 young (5120K), 1 survivors (1024K)
 Metaspace       used 52459K, capacity 54571K, committed 54860K, reserved 1095680K
  class space    used 6790K, capacity 7693K, committed 7756K, reserved 1048576K
}
Event: 83,122 GC heap after
{Heap after GC invocations=39 (full 0):
 garbage-first heap   total 113664K, used 95722K [0x00000000d7400000, 0x0000000100000000)
  region size 1024K, 1 young (1024K), 1 survivors (1024K)
 Metaspace       used 52459K, capacity 54571K, committed 54860K, reserved 1095680K
  class space    used 6790K, capacity 7693K, committed 7756K, reserved 1048576K
}
Event: 121,240 GC heap before
{Heap before GC invocations=39 (full 0):
 garbage-first heap   total 113664K, used 99818K [0x00000000d7400000, 0x0000000100000000)
  region size 1024K, 5 young (5120K), 1 survivors (1024K)
 Metaspace       used 52461K, capacity 54571K, committed 54860K, reserved 1095680K
  class space    used 6790K, capacity 7693K, committed 7756K, reserved 1048576K
}
Event: 121,631 GC heap after
{Heap after GC invocations=40 (full 0):
 garbage-first heap   total 113664K, used 95651K [0x00000000d7400000, 0x0000000100000000)
  region size 1024K, 1 young (1024K), 1 survivors (1024K)
 Metaspace       used 52461K, capacity 54571K, committed 54860K, reserved 1095680K
  class space    used 6790K, capacity 7693K, committed 7756K, reserved 1048576K
}
Event: 159,457 GC heap before
{Heap before GC invocations=41 (full 0):
 garbage-first heap   total 113664K, used 99747K [0x00000000d7400000, 0x0000000100000000)
  region size 1024K, 5 young (5120K), 1 survivors (1024K)
 Metaspace       used 52461K, capacity 54571K, committed 54860K, reserved 1095680K
  class space    used 6790K, capacity 7693K, committed 7756K, reserved 1048576K
}
Event: 159,983 GC heap after
{Heap after GC invocations=42 (full 0):
 garbage-first heap   total 113664K, used 95672K [0x00000000d7400000, 0x0000000100000000)
  region size 1024K, 1 young (1024K), 1 survivors (1024K)
 Metaspace       used 52461K, capacity 54571K, committed 54860K, reserved 1095680K
  class space    used 6790K, capacity 7693K, committed 7756K, reserved 1048576K
}
Event: 194,929 GC heap before
{Heap before GC invocations=42 (full 0):
 garbage-first heap   total 113664K, used 99768K [0x00000000d7400000, 0x0000000100000000)
  region size 1024K, 5 young (5120K), 1 survivors (1024K)
 Metaspace       used 52463K, capacity 54571K, committed 54860K, reserved 1095680K
  class space    used 6790K, capacity 7693K, committed 7756K, reserved 1048576K
}
Event: 201,701 GC heap after
{Heap after GC invocations=43 (full 0):
 garbage-first heap   total 113664K, used 95664K [0x00000000d7400000, 0x0000000100000000)
  region size 1024K, 1 young (1024K), 1 survivors (1024K)
 Metaspace       used 52463K, capacity 54571K, committed 54860K, reserved 1095680K
  class space    used 6790K, capacity 7693K, committed 7756K, reserved 1048576K
}
Event: 262,551 GC heap before
{Heap before GC invocations=44 (full 0):
 garbage-first heap   total 113664K, used 99760K [0x00000000d7400000, 0x0000000100000000)
  region size 1024K, 5 young (5120K), 1 survivors (1024K)
 Metaspace       used 52485K, capacity 54638K, committed 54860K, reserved 1095680K
  class space    used 6792K, capacity 7694K, committed 7756K, reserved 1048576K
}

Deoptimization events (6 events):
Event: 9,662 Thread 0x00007f3dec029800 DEOPT PACKING pc=0x00007f3dd5109c1c sp=0x00007f3df51af300
Event: 9,662 Thread 0x00007f3dec029800 DEOPT UNPACKING pc=0x00007f3dd489d7ab sp=0x00007f3df51ae888 mode 0
Event: 21,801 Thread 0x00007f3dc8003800 DEOPT PACKING pc=0x00007f3dd50e8c24 sp=0x00007f3d953c7870
Event: 21,801 Thread 0x00007f3dc8003800 DEOPT UNPACKING pc=0x00007f3dd489d7ab sp=0x00007f3d953c6d58 mode 0
Event: 44,922 Thread 0x00007f3d9806b800 DEOPT PACKING pc=0x00007f3dd4f2863c sp=0x00007f3d90065af0
Event: 45,021 Thread 0x00007f3d9806b800 DEOPT UNPACKING pc=0x00007f3dd489d7ab sp=0x00007f3d90065028 mode 0

Classes redefined (0 events):
No events

Internal exceptions (20 events):
Event: 25,614 Thread 0x00007f3dec029800 Exception <a 'java/lang/IncompatibleClassChangeError'{0x00000000da998e90}: Found class java.lang.Object, but interface was expected> (0x00000000da998e90) thrown at [src/hotspot/share/interpreter/linkResolver.cpp, line 839]
Event: 28,468 Thread 0x00007f3dec029800 Exception <a 'java/lang/NoSuchMethodError'{0x00000000db84e2e0}: 'void java.lang.invoke.DirectMethodHandle$Holder.invokeSpecial(java.lang.Object, java.lang.Object, int)'> (0x00000000db84e2e0) thrown at [src/hotspot/share/interpreter/linkResolver.cpp, line 773]
Event: 29,743 Thread 0x00007f3dec029800 Exception <a 'java/lang/NoSuchMethodError'{0x00000000ddfbd8b0}: 'void java.lang.invoke.DirectMethodHandle$Holder.invokeVirtual(java.lang.Object, java.lang.Object, float)'> (0x00000000ddfbd8b0) thrown at [src/hotspot/share/interpreter/linkResolver.cpp, line 773]
Event: 31,404 Thread 0x00007f3dec029800 Exception <a 'java/lang/NoSuchMethodError'{0x00000000ddbdae30}: 'java.lang.Object java.lang.invoke.DirectMethodHandle$Holder.invokeSpecial(java.lang.Object, java.lang.Object, int, java.lang.Object, int, java.lang.Object)'> (0x00000000ddbdae30) thrown at [src/hotspot/share/interpreter/linkResolver.cpp, line 773]
Event: 31,406 Thread 0x00007f3dec029800 Exception <a 'java/lang/NoSuchMethodError'{0x00000000ddbe26a8}: 'java.lang.Object java.lang.invoke.DirectMethodHandle$Holder.invokeStatic(java.lang.Object, java.lang.Object, int, java.lang.Object, int)'> (0x00000000ddbe26a8) thrown at [src/hotspot/share/interpreter/linkResolver.cpp, line 773]
Event: 31,407 Thread 0x00007f3dec029800 Exception <a 'java/lang/NoSuchMethodError'{0x00000000ddbe5e88}: 'java.lang.Object java.lang.invoke.DirectMethodHandle$Holder.invokeSpecial(java.lang.Object, java.lang.Object, java.lang.Object, int, java.lang.Object, int)'> (0x00000000ddbe5e88) thrown at [src/hotspot/share/interpreter/linkResolver.cpp, line 773]
Event: 32,082 Thread 0x00007f3dec029800 Exception <a 'java/lang/UnsatisfiedLinkError'{0x00000000de0b96f0}: 'int io.netty.channel.epoll.Native.offsetofEpollData()'> (0x00000000de0b96f0) thrown at [src/hotspot/share/prims/nativeLookup.cpp, line 526]
Event: 32,523 Thread 0x00007f3dec029800 Exception <a 'java/lang/reflect/InvocationTargetException'{0x00000000de0d2bb0}> (0x00000000de0d2bb0) thrown at [src/hotspot/share/runtime/reflection.cpp, line 1247]
Event: 33,512 Thread 0x00007f3dec029800 Exception <a 'java/lang/NoSuchMethodError'{0x00000000ddfe4f88}: 'java.lang.Object java.lang.invoke.DirectMethodHandle$Holder.invokeStatic(java.lang.Object, java.lang.Object, int, java.lang.Object)'> (0x00000000ddfe4f88) thrown at [src/hotspot/share/interpreter/linkResolver.cpp, line 773]
Event: 33,513 Thread 0x00007f3dec029800 Exception <a 'java/lang/NoSuchMethodError'{0x00000000ddfe8488}: 'java.lang.Object java.lang.invoke.Invokers$Holder.linkToTargetMethod(java.lang.Object, int, java.lang.Object, java.lang.Object)'> (0x00000000ddfe8488) thrown at [src/hotspot/share/interpreter/linkResolver.cpp, line 773]
Event: 43,307 Thread 0x00007f3d9806b800 Exception <a 'java/lang/NoSuchMethodError'{0x00000000ddf2fc48}: 'java.lang.Object java.lang.invoke.DirectMethodHandle$Holder.invokeStaticInit(java.lang.Object, java.lang.Object, java.lang.Object, java.lang.Object)'> (0x00000000ddf2fc48) thrown at [src/hotspot/share/interpreter/linkResolver.cpp, line 773]
Event: 43,908 Thread 0x00007f3d9806b800 Exception <a 'java/lang/NoSuchMethodError'{0x00000000de051bf8}: 'void java.lang.invoke.DirectMethodHandle$Holder.invokeStaticInit(java.lang.Object)'> (0x00000000de051bf8) thrown at [src/hotspot/share/interpreter/linkResolver.cpp, line 773]
Event: 47,515 Thread 0x00007f3dbc131000 Exception <a 'java/lang/NoSuchMethodError'{0x00000000de0b6f18}: 'java.lang.Object java.lang.invoke.DirectMethodHandle$Holder.invokeVirtual(java.lang.Object, java.lang.Object, java.lang.Object, java.lang.Object, java.lang.Object)'> (0x00000000de0b6f18) thrown at [src/hotspot/share/interpreter/linkResolver.cpp, line 773]
Event: 47,690 Thread 0x00007f3dbc131000 Exception <a 'java/lang/NoSuchMethodError'{0x00000000ddfe0fc8}: 'void java.lang.invoke.Invokers$Holder.invoke_MT(java.lang.Object, java.lang.Object, java.lang.Object, java.lang.Object)'> (0x00000000ddfe0fc8) thrown at [src/hotspot/share/interpreter/linkResolver.cpp, line 773]
Event: 47,820 Thread 0x00007f3dbc131000 Exception <a 'java/lang/NoSuchMethodError'{0x00000000ddc51c68}: 'java.lang.Object java.lang.invoke.Invokers$Holder.invoke_MT(java.lang.Object, java.lang.Object, java.lang.Object)'> (0x00000000ddc51c68) thrown at [src/hotspot/share/interpreter/linkResolver.cpp, line 773]
Event: 48,161 Thread 0x00007f3dbc131000 Exception <a 'java/lang/NoSuchMethodError'{0x00000000de0489d8}: 'double java.lang.invoke.DirectMethodHandle$Holder.invokeStatic(java.lang.Object, java.lang.Object, java.lang.Object, long)'> (0x00000000de0489d8) thrown at [src/hotspot/share/interpreter/linkResolver.cpp, line 773]
Event: 49,255 Thread 0x00007f3d9c1e6800 Exception <a 'java/lang/NoSuchMethodError'{0x00000000ddb985a8}: 'java.lang.Object java.lang.invoke.Invokers$Holder.linkToTargetMethod(java.lang.Object, int, java.lang.Object)'> (0x00000000ddb985a8) thrown at [src/hotspot/share/interpreter/linkResolver.cpp, line 773]
Event: 49,291 Thread 0x00007f3d9c1e0000 Exception <a 'java/lang/NoSuchMethodError'{0x00000000ddbb7ed0}: 'java.lang.Object java.lang.invoke.DirectMethodHandle$Holder.invokeStatic(java.lang.Object, java.lang.Object, java.lang.Object, long)'> (0x00000000ddbb7ed0) thrown at [src/hotspot/share/interpreter/linkResolver.cpp, line 773]
Event: 49,293 Thread 0x00007f3d9c1e0000 Exception <a 'java/lang/NoSuchMethodError'{0x00000000ddbbb428}: 'java.lang.Object java.lang.invoke.DirectMethodHandle$Holder.invokeSpecial(java.lang.Object, java.lang.Object, java.lang.Object, java.lang.Object, long)'> (0x00000000ddbbb428) thrown at [src/hotspot/share/interpreter/linkResolver.cpp, line 773]
Event: 52,157 Thread 0x00007f3d9c1e0000 Exception <a 'java/lang/NoSuchMethodError'{0x00000000ddc4ea20}: 'java.lang.Object java.lang.invoke.Invokers$Holder.linkToTargetMethod(java.lang.Object, java.lang.Object, java.lang.Object, java.lang.Object, java.lang.Object, java.lang.Object, java.lang.Object)'> (0x00000000ddc4ea20) thrown at [src/hotspot/share/interpreter/linkResolver.cpp, line 773]

Events (20 events):
Event: 213,805 Executing VM operation: RevokeBias done
Event: 223,961 Executing VM operation: RevokeBias
Event: 223,962 Executing VM operation: RevokeBias done
Event: 223,963 Executing VM operation: RevokeBias
Event: 223,963 Executing VM operation: RevokeBias done
Event: 223,966 Executing VM operation: RevokeBias
Event: 223,967 Executing VM operation: RevokeBias done
Event: 235,010 Executing VM operation: RevokeBias
Event: 235,574 Executing VM operation: RevokeBias done
Event: 235,575 Executing VM operation: RevokeBias
Event: 235,576 Executing VM operation: RevokeBias done
Event: 235,578 Executing VM operation: RevokeBias
Event: 235,883 Executing VM operation: RevokeBias done
Event: 256,812 Executing VM operation: RevokeBias
Event: 256,820 Executing coalesced safepoint VM operation: RevokeBias
Event: 256,820 Executing coalesced safepoint VM operation: RevokeBias done
Event: 256,820 Executing coalesced safepoint VM operation: BulkRevokeBias
Event: 256,894 Executing coalesced safepoint VM operation: BulkRevokeBias done
Event: 256,897 Executing VM operation: RevokeBias done
Event: 256,971 Executing VM operation: G1CollectForAllocation


Dynamic libraries:
d7400000-de100000 rw-p 00000000 00:00 0 
e5500000-ffe00000 ---p 00000000 00:00 0 
ffe00000-ffe47000 rw-p 01111000 08:01 3551282                            /usr/lib/jvm/java-11-openjdk-amd64/lib/server/classes.jsa
ffe47000-fff00000 rw-p 00000000 00:00 0 
fff00000-fff6b000 rw-p 010a6000 08:01 3551282                            /usr/lib/jvm/java-11-openjdk-amd64/lib/server/classes.jsa
fff6b000-100000000 rw-p 00000000 00:00 0 
800000000-800002000 rwxp 00001000 08:01 3551282                          /usr/lib/jvm/java-11-openjdk-amd64/lib/server/classes.jsa
800002000-8003b9000 rw-p 00003000 08:01 3551282                          /usr/lib/jvm/java-11-openjdk-amd64/lib/server/classes.jsa
8003b9000-800a96000 r--p 003ba000 08:01 3551282                          /usr/lib/jvm/java-11-openjdk-amd64/lib/server/classes.jsa
800a96000-800a97000 rw-p 00a97000 08:01 3551282                          /usr/lib/jvm/java-11-openjdk-amd64/lib/server/classes.jsa
800a97000-8010a5000 r--p 00a98000 08:01 3551282                          /usr/lib/jvm/java-11-openjdk-amd64/lib/server/classes.jsa
840000000-840793000 rw-p 00000000 00:00 0 
840793000-880000000 ---p 00000000 00:00 0 
563f54c6b000-563f54c6c000 r-xp 00000000 08:01 4600567                    /usr/lib/jvm/java-11-openjdk-amd64/bin/java
563f54e6c000-563f54e6d000 r--p 00001000 08:01 4600567                    /usr/lib/jvm/java-11-openjdk-amd64/bin/java
563f54e6d000-563f54e6e000 rw-p 00002000 08:01 4600567                    /usr/lib/jvm/java-11-openjdk-amd64/bin/java
563f55b9d000-563f55c26000 rw-p 00000000 00:00 0                          [heap]
7f3d8f968000-7f3d8f96c000 ---p 00000000 00:00 0 
7f3d8f96c000-7f3d8fa69000 rw-p 00000000 00:00 0 
7f3d8fa69000-7f3d8fa6d000 ---p 00000000 00:00 0 
7f3d8fa6d000-7f3d8fd6a000 rw-p 00000000 00:00 0 
7f3d8fd6a000-7f3d8ff6a000 rw-p 00000000 00:00 0 
7f3d8ff6a000-7f3d8ff6e000 ---p 00000000 00:00 0 
7f3d8ff6e000-7f3d9006b000 rw-p 00000000 00:00 0 
7f3d9006b000-7f3d9006f000 ---p 00000000 00:00 0 
7f3d9006f000-7f3d9016c000 rw-p 00000000 00:00 0 
7f3d9016c000-7f3d90170000 ---p 00000000 00:00 0 
7f3d90170000-7f3d9026d000 rw-p 00000000 00:00 0 
7f3d9026d000-7f3d9027d000 r-xp 00000000 08:01 1310731                    /tmp/libnetty_transport_native_epoll_x86_644076418550922211897.so (deleted)
7f3d9027d000-7f3d9047c000 ---p 00010000 08:01 1310731                    /tmp/libnetty_transport_native_epoll_x86_644076418550922211897.so (deleted)
7f3d9047c000-7f3d9047e000 rw-p 0000f000 08:01 1310731                    /tmp/libnetty_transport_native_epoll_x86_644076418550922211897.so (deleted)
7f3d9047e000-7f3d9067e000 rw-p 00000000 00:00 0 
7f3d9067e000-7f3d9087e000 rw-p 00000000 00:00 0 
7f3d9087e000-7f3d90a7e000 rw-p 00000000 00:00 0 
7f3d90a7e000-7f3d94c82000 rw-p 00000000 00:00 0 
7f3d94c82000-7f3d94e82000 rw-p 00000000 00:00 0 
7f3d94e82000-7f3d94ec2000 r-xp 00000000 08:01 3424073                    /usr/lib/jvm/java-11-openjdk-amd64/lib/libsunec.so
7f3d94ec2000-7f3d950c2000 ---p 00040000 08:01 3424073                    /usr/lib/jvm/java-11-openjdk-amd64/lib/libsunec.so
7f3d950c2000-7f3d950c7000 r--p 00040000 08:01 3424073                    /usr/lib/jvm/java-11-openjdk-amd64/lib/libsunec.so
7f3d950c7000-7f3d950c9000 rw-p 00045000 08:01 3424073                    /usr/lib/jvm/java-11-openjdk-amd64/lib/libsunec.so
7f3d950c9000-7f3d950cd000 ---p 00000000 00:00 0 
7f3d950cd000-7f3d951ca000 rw-p 00000000 00:00 0 
7f3d951ca000-7f3d951ce000 ---p 00000000 00:00 0 
7f3d951ce000-7f3d952cb000 rw-p 00000000 00:00 0 
7f3d952cb000-7f3d952cf000 ---p 00000000 00:00 0 
7f3d952cf000-7f3d953cc000 rw-p 00000000 00:00 0 
7f3d953cc000-7f3d953d0000 ---p 00000000 00:00 0 
7f3d953d0000-7f3d956cd000 rw-p 00000000 00:00 0 
7f3d956cd000-7f3d956d1000 ---p 00000000 00:00 0 
7f3d956d1000-7f3d957ce000 rw-p 00000000 00:00 0 
7f3d957ce000-7f3d957e5000 r-xp 00000000 08:01 23860483                   /lib/x86_64-linux-gnu/libresolv-2.23.so
7f3d957e5000-7f3d959e5000 ---p 00017000 08:01 23860483                   /lib/x86_64-linux-gnu/libresolv-2.23.so
7f3d959e5000-7f3d959e6000 r--p 00017000 08:01 23860483                   /lib/x86_64-linux-gnu/libresolv-2.23.so
7f3d959e6000-7f3d959e7000 rw-p 00018000 08:01 23860483                   /lib/x86_64-linux-gnu/libresolv-2.23.so
7f3d959e7000-7f3d959e9000 rw-p 00000000 00:00 0 
7f3d959e9000-7f3d959ee000 r-xp 00000000 08:01 23860470                   /lib/x86_64-linux-gnu/libnss_dns-2.23.so
7f3d959ee000-7f3d95bee000 ---p 00005000 08:01 23860470                   /lib/x86_64-linux-gnu/libnss_dns-2.23.so
7f3d95bee000-7f3d95bef000 r--p 00005000 08:01 23860470                   /lib/x86_64-linux-gnu/libnss_dns-2.23.so
7f3d95bef000-7f3d95bf0000 rw-p 00006000 08:01 23860470                   /lib/x86_64-linux-gnu/libnss_dns-2.23.so
7f3d95bf0000-7f3d95bf2000 r-xp 00000000 08:01 23859911                   /lib/x86_64-linux-gnu/libnss_mdns4_minimal.so.2
7f3d95bf2000-7f3d95df1000 ---p 00002000 08:01 23859911                   /lib/x86_64-linux-gnu/libnss_mdns4_minimal.so.2
7f3d95df1000-7f3d95df2000 r--p 00001000 08:01 23859911                   /lib/x86_64-linux-gnu/libnss_mdns4_minimal.so.2
7f3d95df2000-7f3d95df3000 rw-p 00002000 08:01 23859911                   /lib/x86_64-linux-gnu/libnss_mdns4_minimal.so.2
7f3d95df3000-7f3d95df7000 ---p 00000000 00:00 0 
7f3d95df7000-7f3d95ef4000 rw-p 00000000 00:00 0 
7f3d95ef4000-7f3d95ef8000 ---p 00000000 00:00 0 
7f3d95ef8000-7f3d95ff5000 rw-p 00000000 00:00 0 
7f3d95ff5000-7f3d95ff9000 ---p 00000000 00:00 0 
7f3d95ff9000-7f3d960f6000 rw-p 00000000 00:00 0 
7f3d960f6000-7f3d960fa000 ---p 00000000 00:00 0 
7f3d960fa000-7f3d961f7000 rw-p 00000000 00:00 0 
7f3d961f7000-7f3d961fb000 ---p 00000000 00:00 0 
7f3d961fb000-7f3d962f8000 rw-p 00000000 00:00 0 
7f3d962f8000-7f3d962fc000 ---p 00000000 00:00 0 
7f3d962fc000-7f3d965f9000 rw-p 00000000 00:00 0 
7f3d965f9000-7f3d965fd000 ---p 00000000 00:00 0 
7f3d965fd000-7f3d966fa000 rw-p 00000000 00:00 0 
7f3d966fa000-7f3d966fc000 r-xp 00000000 08:01 3424118                    /usr/lib/jvm/java-11-openjdk-amd64/lib/libextnet.so
7f3d966fc000-7f3d968fb000 ---p 00002000 08:01 3424118                    /usr/lib/jvm/java-11-openjdk-amd64/lib/libextnet.so
7f3d968fb000-7f3d968fc000 r--p 00001000 08:01 3424118                    /usr/lib/jvm/java-11-openjdk-amd64/lib/libextnet.so
7f3d968fc000-7f3d968fd000 rw-p 00002000 08:01 3424118                    /usr/lib/jvm/java-11-openjdk-amd64/lib/libextnet.so
7f3d968fd000-7f3d96afd000 rw-p 00000000 00:00 0 
7f3d96afd000-7f3d96cfd000 rw-p 00000000 00:00 0 
7f3d96cfd000-7f3d96efd000 rw-p 00000000 00:00 0 
7f3d96efd000-7f3d96f01000 ---p 00000000 00:00 0 
7f3d96f01000-7f3d96ffe000 rw-p 00000000 00:00 0 
7f3d96ffe000-7f3d97002000 ---p 00000000 00:00 0 
7f3d97002000-7f3d972ff000 rw-p 00000000 00:00 0 
7f3d972ff000-7f3d974ff000 rw-p 00000000 00:00 0 
7f3d974ff000-7f3d976ff000 rw-p 00000000 00:00 0 
7f3d976ff000-7f3d978ff000 rw-p 00000000 00:00 0 
7f3d978ff000-7f3d97aff000 rw-p 00000000 00:00 0 
7f3d97aff000-7f3d97cff000 rw-p 00000000 00:00 0 
7f3d97cff000-7f3d97eff000 rw-p 00000000 00:00 0 
7f3d97eff000-7f3d97f03000 ---p 00000000 00:00 0 
7f3d97f03000-7f3d98000000 rw-p 00000000 00:00 0 
7f3d98000000-7f3d98076000 rw-p 00000000 00:00 0 
7f3d98076000-7f3d9c000000 ---p 00000000 00:00 0 
7f3d9c000000-7f3d9c214000 rw-p 00000000 00:00 0 
7f3d9c214000-7f3da0000000 ---p 00000000 00:00 0 
7f3da0000000-7f3da05d9000 rw-p 00000000 00:00 0 
7f3da05d9000-7f3da4000000 ---p 00000000 00:00 0 
7f3da4000000-7f3da4021000 rw-p 00000000 00:00 0 
7f3da4021000-7f3da8000000 ---p 00000000 00:00 0 
7f3da8000000-7f3da8021000 rw-p 00000000 00:00 0 
7f3da8021000-7f3dac000000 ---p 00000000 00:00 0 
7f3dac000000-7f3dac05e000 rw-p 00000000 00:00 0 
7f3dac05e000-7f3db0000000 ---p 00000000 00:00 0 
7f3db0000000-7f3db002f000 rw-p 00000000 00:00 0 
7f3db002f000-7f3db4000000 ---p 00000000 00:00 0 
7f3db4000000-7f3db403b000 rw-p 00000000 00:00 0 
7f3db403b000-7f3db8000000 ---p 00000000 00:00 0 
7f3db8000000-7f3db8021000 rw-p 00000000 00:00 0 
7f3db8021000-7f3dbc000000 ---p 00000000 00:00 0 
7f3dbc000000-7f3dbc269000 rw-p 00000000 00:00 0 
7f3dbc269000-7f3dc0000000 ---p 00000000 00:00 0 
7f3dc0000000-7f3dc004f000 rw-p 00000000 00:00 0 
7f3dc004f000-7f3dc4000000 ---p 00000000 00:00 0 
7f3dc4000000-7f3dc4021000 rw-p 00000000 00:00 0 
7f3dc4021000-7f3dc8000000 ---p 00000000 00:00 0 
7f3dc8000000-7f3dc8021000 rw-p 00000000 00:00 0 
7f3dc8021000-7f3dcc000000 ---p 00000000 00:00 0 
7f3dcc038000-7f3dcc03d000 r-xp 00000000 08:01 3424067                    /usr/lib/jvm/java-11-openjdk-amd64/lib/libmanagement_ext.so
7f3dcc03d000-7f3dcc23d000 ---p 00005000 08:01 3424067                    /usr/lib/jvm/java-11-openjdk-amd64/lib/libmanagement_ext.so
7f3dcc23d000-7f3dcc23e000 r--p 00005000 08:01 3424067                    /usr/lib/jvm/java-11-openjdk-amd64/lib/libmanagement_ext.so
7f3dcc23e000-7f3dcc23f000 rw-p 00006000 08:01 3424067                    /usr/lib/jvm/java-11-openjdk-amd64/lib/libmanagement_ext.so
7f3dcc23f000-7f3dcc243000 r-xp 00000000 08:01 3424052                    /usr/lib/jvm/java-11-openjdk-amd64/lib/libmanagement.so
7f3dcc243000-7f3dcc442000 ---p 00004000 08:01 3424052                    /usr/lib/jvm/java-11-openjdk-amd64/lib/libmanagement.so
7f3dcc442000-7f3dcc443000 r--p 00003000 08:01 3424052                    /usr/lib/jvm/java-11-openjdk-amd64/lib/libmanagement.so
7f3dcc443000-7f3dcc444000 rw-p 00004000 08:01 3424052                    /usr/lib/jvm/java-11-openjdk-amd64/lib/libmanagement.so
7f3dcc444000-7f3dcc445000 ---p 00000000 00:00 0 
7f3dcc445000-7f3dcc545000 rw-p 00000000 00:00 0 
7f3dcc545000-7f3dcc55b000 r-xp 00000000 08:01 3424064                    /usr/lib/jvm/java-11-openjdk-amd64/lib/libnet.so
7f3dcc55b000-7f3dcc75a000 ---p 00016000 08:01 3424064                    /usr/lib/jvm/java-11-openjdk-amd64/lib/libnet.so
7f3dcc75a000-7f3dcc75b000 r--p 00015000 08:01 3424064                    /usr/lib/jvm/java-11-openjdk-amd64/lib/libnet.so
7f3dcc75b000-7f3dcc75c000 rw-p 00016000 08:01 3424064                    /usr/lib/jvm/java-11-openjdk-amd64/lib/libnet.so
7f3dcc75c000-7f3dcc76c000 r-xp 00000000 08:01 3424056                    /usr/lib/jvm/java-11-openjdk-amd64/lib/libnio.so
7f3dcc76c000-7f3dcc96b000 ---p 00010000 08:01 3424056                    /usr/lib/jvm/java-11-openjdk-amd64/lib/libnio.so
7f3dcc96b000-7f3dcc96c000 r--p 0000f000 08:01 3424056                    /usr/lib/jvm/java-11-openjdk-amd64/lib/libnio.so
7f3dcc96c000-7f3dcc96d000 rw-p 00010000 08:01 3424056                    /usr/lib/jvm/java-11-openjdk-amd64/lib/libnio.so
7f3dcc96d000-7f3dcc971000 ---p 00000000 00:00 0 
7f3dcc971000-7f3dcca6e000 rw-p 00000000 00:00 0 
7f3dcca6e000-7f3dcca6f000 ---p 00000000 00:00 0 
7f3dcca6f000-7f3dccb6f000 rw-p 00000000 00:00 0 
7f3dccb6f000-7f3dccb73000 ---p 00000000 00:00 0 
7f3dccb73000-7f3dccc70000 rw-p 00000000 00:00 0 
7f3dccc70000-7f3dccc74000 ---p 00000000 00:00 0 
7f3dccc74000-7f3dccd71000 rw-p 00000000 00:00 0 
7f3dccd71000-7f3dccd75000 ---p 00000000 00:00 0 
7f3dccd75000-7f3dcce72000 rw-p 00000000 00:00 0 
7f3dcce72000-7f3dcce76000 ---p 00000000 00:00 0 
7f3dcce76000-7f3dccf73000 rw-p 00000000 00:00 0 
7f3dccf73000-7f3dcd24c000 r--p 00000000 08:01 15861041                   /usr/lib/locale/locale-archive
7f3dcd24c000-7f3dcd250000 ---p 00000000 00:00 0 
7f3dcd250000-7f3dcd34d000 rw-p 00000000 00:00 0 
7f3dcd34d000-7f3dcd351000 ---p 00000000 00:00 0 
7f3dcd351000-7f3dcd44e000 rw-p 00000000 00:00 0 
7f3dcd44e000-7f3dcd44f000 ---p 00000000 00:00 0 
7f3dcd44f000-7f3dcf784000 rw-p 00000000 00:00 0 
7f3dcf784000-7f3dcfff8000 ---p 00000000 00:00 0 
7f3dcfff8000-7f3dd0000000 rw-p 00000000 00:00 0 
7f3dd0000000-7f3dd0049000 rw-p 00000000 00:00 0 
7f3dd0049000-7f3dd4000000 ---p 00000000 00:00 0 
7f3dd4078000-7f3dd4878000 rw-p 00000000 00:00 0 
7f3dd4878000-7f3dd4ae8000 rwxp 00000000 00:00 0 
7f3dd4ae8000-7f3dd4e92000 ---p 00000000 00:00 0 
7f3dd4e92000-7f3dd56d2000 rwxp 00000000 00:00 0 
7f3dd56d2000-7f3de3878000 ---p 00000000 00:00 0 
7f3de3878000-7f3dec000000 r--s 00000000 08:01 3424057                    /usr/lib/jvm/java-11-openjdk-amd64/lib/modules
7f3dec000000-7f3ded0ae000 rw-p 00000000 00:00 0 
7f3ded0ae000-7f3df0000000 ---p 00000000 00:00 0 
7f3df0047000-7f3df00a2000 rw-p 00000000 00:00 0 
7f3df00a2000-7f3df00a3000 ---p 00000000 00:00 0 
7f3df00a3000-7f3df01a3000 rw-p 00000000 00:00 0 
7f3df01a3000-7f3df01a4000 ---p 00000000 00:00 0 
7f3df01a4000-7f3df04a6000 rw-p 00000000 00:00 0 
7f3df04a6000-7f3df04a7000 ---p 00000000 00:00 0 
7f3df04a7000-7f3df05a7000 rw-p 00000000 00:00 0 
7f3df05a7000-7f3df05a8000 ---p 00000000 00:00 0 
7f3df05a8000-7f3df085c000 rw-p 00000000 00:00 0 
7f3df085c000-7f3df10d0000 ---p 00000000 00:00 0 
7f3df10d0000-7f3df110f000 rw-p 00000000 00:00 0 
7f3df110f000-7f3df121d000 ---p 00000000 00:00 0 
7f3df121d000-7f3df1255000 rw-p 00000000 00:00 0 
7f3df1255000-7f3df1363000 ---p 00000000 00:00 0 
7f3df1363000-7f3df139b000 rw-p 00000000 00:00 0 
7f3df139b000-7f3df14a9000 ---p 00000000 00:00 0 
7f3df14a9000-7f3df16ac000 rw-p 00000000 00:00 0 
7f3df16ac000-7f3df16ad000 ---p 00000000 00:00 0 
7f3df16ad000-7f3df17be000 rw-p 00000000 00:00 0 
7f3df17be000-7f3df1981000 ---p 00000000 00:00 0 
7f3df1981000-7f3df1988000 r-xp 00000000 08:01 3424060                    /usr/lib/jvm/java-11-openjdk-amd64/lib/libzip.so
7f3df1988000-7f3df1b87000 ---p 00007000 08:01 3424060                    /usr/lib/jvm/java-11-openjdk-amd64/lib/libzip.so
7f3df1b87000-7f3df1b88000 r--p 00006000 08:01 3424060                    /usr/lib/jvm/java-11-openjdk-amd64/lib/libzip.so
7f3df1b88000-7f3df1b89000 rw-p 00007000 08:01 3424060                    /usr/lib/jvm/java-11-openjdk-amd64/lib/libzip.so
7f3df1b89000-7f3df1b94000 r-xp 00000000 08:01 23860478                   /lib/x86_64-linux-gnu/libnss_files-2.23.so
7f3df1b94000-7f3df1d93000 ---p 0000b000 08:01 23860478                   /lib/x86_64-linux-gnu/libnss_files-2.23.so
7f3df1d93000-7f3df1d94000 r--p 0000a000 08:01 23860478                   /lib/x86_64-linux-gnu/libnss_files-2.23.so
7f3df1d94000-7f3df1d95000 rw-p 0000b000 08:01 23860478                   /lib/x86_64-linux-gnu/libnss_files-2.23.so
7f3df1d95000-7f3df1d9b000 rw-p 00000000 00:00 0 
7f3df1d9b000-7f3df1da6000 r-xp 00000000 08:01 23860485                   /lib/x86_64-linux-gnu/libnss_nis-2.23.so
7f3df1da6000-7f3df1fa5000 ---p 0000b000 08:01 23860485                   /lib/x86_64-linux-gnu/libnss_nis-2.23.so
7f3df1fa5000-7f3df1fa6000 r--p 0000a000 08:01 23860485                   /lib/x86_64-linux-gnu/libnss_nis-2.23.so
7f3df1fa6000-7f3df1fa7000 rw-p 0000b000 08:01 23860485                   /lib/x86_64-linux-gnu/libnss_nis-2.23.so
7f3df1fa7000-7f3df1fbd000 r-xp 00000000 08:01 23860486                   /lib/x86_64-linux-gnu/libnsl-2.23.so
7f3df1fbd000-7f3df21bc000 ---p 00016000 08:01 23860486                   /lib/x86_64-linux-gnu/libnsl-2.23.so
7f3df21bc000-7f3df21bd000 r--p 00015000 08:01 23860486                   /lib/x86_64-linux-gnu/libnsl-2.23.so
7f3df21bd000-7f3df21be000 rw-p 00016000 08:01 23860486                   /lib/x86_64-linux-gnu/libnsl-2.23.so
7f3df21be000-7f3df21c0000 rw-p 00000000 00:00 0 
7f3df21c0000-7f3df21c8000 r-xp 00000000 08:01 23860488                   /lib/x86_64-linux-gnu/libnss_compat-2.23.so
7f3df21c8000-7f3df23c7000 ---p 00008000 08:01 23860488                   /lib/x86_64-linux-gnu/libnss_compat-2.23.so
7f3df23c7000-7f3df23c8000 r--p 00007000 08:01 23860488                   /lib/x86_64-linux-gnu/libnss_compat-2.23.so
7f3df23c8000-7f3df23c9000 rw-p 00008000 08:01 23860488                   /lib/x86_64-linux-gnu/libnss_compat-2.23.so
7f3df23c9000-7f3df23e5000 r-xp 00000000 08:01 3424049                    /usr/lib/jvm/java-11-openjdk-amd64/lib/libjimage.so
7f3df23e5000-7f3df25e4000 ---p 0001c000 08:01 3424049                    /usr/lib/jvm/java-11-openjdk-amd64/lib/libjimage.so
7f3df25e4000-7f3df25e6000 r--p 0001b000 08:01 3424049                    /usr/lib/jvm/java-11-openjdk-amd64/lib/libjimage.so
7f3df25e6000-7f3df25e7000 rw-p 0001d000 08:01 3424049                    /usr/lib/jvm/java-11-openjdk-amd64/lib/libjimage.so
7f3df25e7000-7f3df260f000 r-xp 00000000 08:01 3424071                    /usr/lib/jvm/java-11-openjdk-amd64/lib/libjava.so
7f3df260f000-7f3df280f000 ---p 00028000 08:01 3424071                    /usr/lib/jvm/java-11-openjdk-amd64/lib/libjava.so
7f3df280f000-7f3df2810000 r--p 00028000 08:01 3424071                    /usr/lib/jvm/java-11-openjdk-amd64/lib/libjava.so
7f3df2810000-7f3df2811000 rw-p 00029000 08:01 3424071                    /usr/lib/jvm/java-11-openjdk-amd64/lib/libjava.so
7f3df2811000-7f3df2812000 rw-p 00000000 00:00 0 
7f3df2812000-7f3df281f000 r-xp 00000000 08:01 3424069                    /usr/lib/jvm/java-11-openjdk-amd64/lib/libverify.so
7f3df281f000-7f3df2a1e000 ---p 0000d000 08:01 3424069                    /usr/lib/jvm/java-11-openjdk-amd64/lib/libverify.so
7f3df2a1e000-7f3df2a20000 r--p 0000c000 08:01 3424069                    /usr/lib/jvm/java-11-openjdk-amd64/lib/libverify.so
7f3df2a20000-7f3df2a21000 rw-p 0000e000 08:01 3424069                    /usr/lib/jvm/java-11-openjdk-amd64/lib/libverify.so
7f3df2a21000-7f3df2a28000 r-xp 00000000 08:01 23860477                   /lib/x86_64-linux-gnu/librt-2.23.so
7f3df2a28000-7f3df2c27000 ---p 00007000 08:01 23860477                   /lib/x86_64-linux-gnu/librt-2.23.so
7f3df2c27000-7f3df2c28000 r--p 00006000 08:01 23860477                   /lib/x86_64-linux-gnu/librt-2.23.so
7f3df2c28000-7f3df2c29000 rw-p 00007000 08:01 23860477                   /lib/x86_64-linux-gnu/librt-2.23.so
7f3df2c29000-7f3df2d31000 r-xp 00000000 08:01 23860482                   /lib/x86_64-linux-gnu/libm-2.23.so
7f3df2d31000-7f3df2f30000 ---p 00108000 08:01 23860482                   /lib/x86_64-linux-gnu/libm-2.23.so
7f3df2f30000-7f3df2f31000 r--p 00107000 08:01 23860482                   /lib/x86_64-linux-gnu/libm-2.23.so
7f3df2f31000-7f3df2f32000 rw-p 00108000 08:01 23860482                   /lib/x86_64-linux-gnu/libm-2.23.so
7f3df2f32000-7f3df404b000 r-xp 00000000 08:01 3551262                    /usr/lib/jvm/java-11-openjdk-amd64/lib/server/libjvm.so
7f3df404b000-7f3df424a000 ---p 01119000 08:01 3551262                    /usr/lib/jvm/java-11-openjdk-amd64/lib/server/libjvm.so
7f3df424a000-7f3df430c000 r--p 01118000 08:01 3551262                    /usr/lib/jvm/java-11-openjdk-amd64/lib/server/libjvm.so
7f3df430c000-7f3df4347000 rw-p 011da000 08:01 3551262                    /usr/lib/jvm/java-11-openjdk-amd64/lib/server/libjvm.so
7f3df4347000-7f3df439e000 rw-p 00000000 00:00 0 
7f3df439e000-7f3df43b6000 r-xp 00000000 08:01 23860469                   /lib/x86_64-linux-gnu/libpthread-2.23.so
7f3df43b6000-7f3df45b5000 ---p 00018000 08:01 23860469                   /lib/x86_64-linux-gnu/libpthread-2.23.so
7f3df45b5000-7f3df45b6000 r--p 00017000 08:01 23860469                   /lib/x86_64-linux-gnu/libpthread-2.23.so
7f3df45b6000-7f3df45b7000 rw-p 00018000 08:01 23860469                   /lib/x86_64-linux-gnu/libpthread-2.23.so
7f3df45b7000-7f3df45bb000 rw-p 00000000 00:00 0 
7f3df45bb000-7f3df45be000 r-xp 00000000 08:01 23860474                   /lib/x86_64-linux-gnu/libdl-2.23.so
7f3df45be000-7f3df47bd000 ---p 00003000 08:01 23860474                   /lib/x86_64-linux-gnu/libdl-2.23.so
7f3df47bd000-7f3df47be000 r--p 00002000 08:01 23860474                   /lib/x86_64-linux-gnu/libdl-2.23.so
7f3df47be000-7f3df47bf000 rw-p 00003000 08:01 23860474                   /lib/x86_64-linux-gnu/libdl-2.23.so
7f3df47bf000-7f3df47d8000 r-xp 00000000 08:01 23859997                   /lib/x86_64-linux-gnu/libz.so.1.2.8
7f3df47d8000-7f3df49d7000 ---p 00019000 08:01 23859997                   /lib/x86_64-linux-gnu/libz.so.1.2.8
7f3df49d7000-7f3df49d8000 r--p 00018000 08:01 23859997                   /lib/x86_64-linux-gnu/libz.so.1.2.8
7f3df49d8000-7f3df49d9000 rw-p 00019000 08:01 23859997                   /lib/x86_64-linux-gnu/libz.so.1.2.8
7f3df49d9000-7f3df4b99000 r-xp 00000000 08:01 23860487                   /lib/x86_64-linux-gnu/libc-2.23.so
7f3df4b99000-7f3df4d99000 ---p 001c0000 08:01 23860487                   /lib/x86_64-linux-gnu/libc-2.23.so
7f3df4d99000-7f3df4d9d000 r--p 001c0000 08:01 23860487                   /lib/x86_64-linux-gnu/libc-2.23.so
7f3df4d9d000-7f3df4d9f000 rw-p 001c4000 08:01 23860487                   /lib/x86_64-linux-gnu/libc-2.23.so
7f3df4d9f000-7f3df4da3000 rw-p 00000000 00:00 0 
7f3df4da3000-7f3df4db2000 r-xp 00000000 08:01 3551260                    /usr/lib/jvm/java-11-openjdk-amd64/lib/jli/libjli.so
7f3df4db2000-7f3df4fb1000 ---p 0000f000 08:01 3551260                    /usr/lib/jvm/java-11-openjdk-amd64/lib/jli/libjli.so
7f3df4fb1000-7f3df4fb2000 r--p 0000e000 08:01 3551260                    /usr/lib/jvm/java-11-openjdk-amd64/lib/jli/libjli.so
7f3df4fb2000-7f3df4fb3000 rw-p 0000f000 08:01 3551260                    /usr/lib/jvm/java-11-openjdk-amd64/lib/jli/libjli.so
7f3df4fb3000-7f3df4fd9000 r-xp 00000000 08:01 23860479                   /lib/x86_64-linux-gnu/ld-2.23.so
7f3df5000000-7f3df50b1000 rw-p 00000000 00:00 0 
7f3df50b1000-7f3df50b5000 ---p 00000000 00:00 0 
7f3df50b5000-7f3df51b6000 rw-p 00000000 00:00 0 
7f3df51be000-7f3df51c3000 rw-p 00000000 00:00 0 
7f3df51c3000-7f3df51cb000 ---p 00000000 00:00 0 
7f3df51cb000-7f3df51cd000 r--s 00007000 08:01 16384283                   /usr/share/java/java-atk-wrapper.jar
7f3df51cd000-7f3df51d5000 rw-s 00000000 08:01 1581892                    /tmp/hsperfdata_nindaba/9589
7f3df51d5000-7f3df51d6000 ---p 00000000 00:00 0 
7f3df51d6000-7f3df51d7000 r--p 00000000 00:00 0 
7f3df51d7000-7f3df51d8000 rw-p 00000000 00:00 0 
7f3df51d8000-7f3df51d9000 r--p 00025000 08:01 23860479                   /lib/x86_64-linux-gnu/ld-2.23.so
7f3df51d9000-7f3df51da000 rw-p 00026000 08:01 23860479                   /lib/x86_64-linux-gnu/ld-2.23.so
7f3df51da000-7f3df51db000 rw-p 00000000 00:00 0 
7fff41d37000-7fff41d5a000 rw-p 00000000 00:00 0                          [stack]
7fff41dc4000-7fff41dc7000 r--p 00000000 00:00 0                          [vvar]
7fff41dc7000-7fff41dc9000 r-xp 00000000 00:00 0                          [vdso]
ffffffffff600000-ffffffffff601000 r-xp 00000000 00:00 0                  [vsyscall]


VM Arguments:
jvm_args: -Xverify:none -XX:TieredStopAtLevel=1 
java_command: com.yadlings.orderservice02.Application
java_class_path (initial): /home/nindaba/Documents/Spring/Restorant/order-service-0.2/target/classes:/home/nindaba/.m2/repository/org/springframework/boot/spring-boot/2.5.6/spring-boot-2.5.6.jar:/home/nindaba/.m2/repository/org/springframework/boot/spring-boot-autoconfigure/2.5.6/spring-boot-autoconfigure-2.5.6.jar:/home/nindaba/.m2/repository/ch/qos/logback/logback-classic/1.2.6/logback-classic-1.2.6.jar:/home/nindaba/.m2/repository/ch/qos/logback/logback-core/1.2.6/logback-core-1.2.6.jar:/home/nindaba/.m2/repository/org/apache/logging/log4j/log4j-to-slf4j/2.14.1/log4j-to-slf4j-2.14.1.jar:/home/nindaba/.m2/repository/org/apache/logging/log4j/log4j-api/2.14.1/log4j-api-2.14.1.jar:/home/nindaba/.m2/repository/org/slf4j/jul-to-slf4j/1.7.32/jul-to-slf4j-1.7.32.jar:/home/nindaba/.m2/repository/jakarta/annotation/jakarta.annotation-api/1.3.5/jakarta.annotation-api-1.3.5.jar:/home/nindaba/.m2/repository/org/yaml/snakeyaml/1.28/snakeyaml-1.28.jar:/home/nindaba/.m2/repository/io/projectreactor/reactor-core/3.4.11/reactor-core-3.4.11.jar:/home/nindaba/.m2/repository/org/reactivestreams/reactive-streams/1.0.3/reactive-streams-1.0.3.jar:/home/nindaba/.m2/repository/org/mongodb/mongodb-driver-reactivestreams/4.2.3/mongodb-driver-reactivestreams-4.2.3.jar:/home/nindaba/.m2/repository/org/mongodb/bson/4.2.3/bson-4.2.3.jar:/home/nindaba/.m2/repository/org/mongodb/mongodb-driver-core/4.2.3/mongodb-driver-core-4.2.3.jar:/home/nindaba/.m2/repository/org/springframework/data/spring-data-mongodb/3.2.6/spring-data-mongodb-3.2.6.jar:/home/nindaba/.m2/repository/org/springframework/spring-beans/5.3.12/spring-beans-5.3.12.jar:/home/nindaba/.m2/repository/org/springframework/spring-expression/5.3.12/spring-expression-5.3.12.jar:/home/nindaba/.m2/repository/org/springframework/data/spring-data-commons/2.5.6/spring-data-commons-2.5.6.jar:/home/nindaba/.m2/repository/org/slf4j/slf4j-api/1.7.32/slf4j-api-1.7.32.jar:/home/nindaba/.m2/repository/org/springframework/spring-aop/5.3.12/spring-aop-
Launcher Type: SUN_STANDARD

[Global flags]
     bool BytecodeVerificationLocal                = false                                     {product} {command line}
     bool BytecodeVerificationRemote               = false                                     {product} {command line}
     intx CICompilerCount                          = 2                                         {product} {ergonomic}
     uint ConcGCThreads                            = 1                                         {product} {ergonomic}
     uint G1ConcRefinementThreads                  = 2                                         {product} {ergonomic}
   size_t G1HeapRegionSize                         = 1048576                                   {product} {ergonomic}
    uintx GCDrainStackTargetSize                   = 64                                        {product} {ergonomic}
   size_t InitialHeapSize                          = 44040192                                  {product} {ergonomic}
   size_t MarkStackSize                            = 4194304                                   {product} {ergonomic}
   size_t MaxHeapSize                              = 683671552                                 {product} {ergonomic}
   size_t MaxNewSize                               = 409993216                                 {product} {ergonomic}
   size_t MinHeapDeltaBytes                        = 1048576                                   {product} {ergonomic}
    uintx NonNMethodCodeHeapSize                   = 6396312                                {pd product} {ergonomic}
    uintx NonProfiledCodeHeapSize                  = 245261928                              {pd product} {ergonomic}
    uintx ProfiledCodeHeapSize                     = 0                                      {pd product} {ergonomic}
    uintx ReservedCodeCacheSize                    = 251658240                              {pd product} {ergonomic}
     bool SegmentedCodeCache                       = true                                      {product} {ergonomic}
     intx TieredStopAtLevel                        = 1                                         {product} {command line}
     bool UseCompressedClassPointers               = true                                 {lp64_product} {ergonomic}
     bool UseCompressedOops                        = true                                 {lp64_product} {ergonomic}
     bool UseG1GC                                  = true                                      {product} {ergonomic}

Logging:
Log output configuration:
 #0: stdout all=warning uptime,level,tags
 #1: stderr all=off uptime,level,tags

Environment Variables:
JAVA_HOME=/usr/lib/jvm/java-11-openjdk-amd64
PATH=/home/nindaba/bin:/home/nindaba/.local/bin:/usr/local/sbin:/usr/local/bin:/usr/sbin:/usr/bin:/sbin:/bin:/usr/games:/usr/local/games:/snap/bin:/home/nindaba/.dotnet/tools
SHELL=/bin/bash
DISPLAY=:0
LANG=en_US.UTF-8

Signal Handlers:
SIGSEGV: [libjvm.so+0xe1e650], sa_mask[0]=11111111011111111101111111111110, sa_flags=SA_RESTART|SA_SIGINFO
SIGBUS: [libjvm.so+0xe1e650], sa_mask[0]=11111111011111111101111111111110, sa_flags=SA_RESTART|SA_SIGINFO
SIGFPE: [libjvm.so+0xe1e650], sa_mask[0]=11111111011111111101111111111110, sa_flags=SA_RESTART|SA_SIGINFO
SIGPIPE: [libjvm.so+0xb72da0], sa_mask[0]=11111111011111111101111111111110, sa_flags=SA_RESTART|SA_SIGINFO
SIGXFSZ: [libjvm.so+0xb72da0], sa_mask[0]=11111111011111111101111111111110, sa_flags=SA_RESTART|SA_SIGINFO
SIGILL: [libjvm.so+0xe1e650], sa_mask[0]=11111111011111111101111111111110, sa_flags=SA_RESTART|SA_SIGINFO
SIGUSR2: [libjvm.so+0xb72c30], sa_mask[0]=00100000000000000000000000000000, sa_flags=SA_RESTART|SA_SIGINFO
SIGHUP: [libjvm.so+0xb730e0], sa_mask[0]=11111111011111111101111111111110, sa_flags=SA_RESTART|SA_SIGINFO
SIGINT: [libjvm.so+0xb730e0], sa_mask[0]=11111111011111111101111111111110, sa_flags=SA_RESTART|SA_SIGINFO
SIGTERM: [libjvm.so+0xb730e0], sa_mask[0]=11111111011111111101111111111110, sa_flags=SA_RESTART|SA_SIGINFO
SIGQUIT: [libjvm.so+0xb730e0], sa_mask[0]=11111111011111111101111111111110, sa_flags=SA_RESTART|SA_SIGINFO


---------------  S Y S T E M  ---------------

OS:DISTRIB_ID=Ubuntu
DISTRIB_RELEASE=16.04
DISTRIB_CODENAME=xenial
DISTRIB_DESCRIPTION="Ubuntu 16.04.7 LTS"
uname:Linux 4.15.0-142-generic #146~16.04.1-Ubuntu SMP Tue Apr 13 09:27:15 UTC 2021 x86_64
OS uptime: 0 days 3:23 hours
libc:glibc 2.23 NPTL 2.23 
rlimit (soft/hard): STACK 8192k/infinity , CORE 0k/infinity , NPROC 10160/10160 , NOFILE 1048576/1048576 , AS infinity/infinity , CPU infinity/infinity , DATA infinity/infinity , FSIZE infinity/infinity , MEMLOCK 64k/64k
load average:18,15 8,08 3,93

/proc/meminfo:
MemTotal:        2664980 kB
MemFree:           67936 kB
MemAvailable:      33152 kB
Buffers:            4276 kB
Cached:            39772 kB
SwapCached:         3652 kB
Active:          1847660 kB
Inactive:         501272 kB
Active(anon):    1829296 kB
Inactive(anon):   478448 kB
Active(file):      18364 kB
Inactive(file):    22824 kB
Unevictable:          80 kB
Mlocked:              80 kB
SwapTotal:        998396 kB
SwapFree:              4 kB
Dirty:               212 kB
Writeback:             4 kB
AnonPages:       2301672 kB
Mapped:            27980 kB
Shmem:              2708 kB
Slab:             117632 kB
SReclaimable:      44528 kB
SUnreclaim:        73104 kB
KernelStack:       12768 kB
PageTables:        42068 kB
NFS_Unstable:          0 kB
Bounce:                0 kB
WritebackTmp:          0 kB
CommitLimit:     2330884 kB
Committed_AS:    8684384 kB
VmallocTotal:   34359738367 kB
VmallocUsed:           0 kB
VmallocChunk:          0 kB
HardwareCorrupted:     0 kB
AnonHugePages:         0 kB
ShmemHugePages:        0 kB
ShmemPmdMapped:        0 kB
CmaTotal:              0 kB
CmaFree:               0 kB
HugePages_Total:       0
HugePages_Free:        0
HugePages_Rsvd:        0
HugePages_Surp:        0
Hugepagesize:       2048 kB
DirectMap4k:      294180 kB
DirectMap2M:     2437120 kB
DirectMap1G:           0 kB

/sys/kernel/mm/transparent_hugepage/enabled:
always [madvise] never
/sys/kernel/mm/transparent_hugepage/defrag (defrag/compaction efforts parameter):
always defer defer+madvise [madvise] never

Process Memory:
Virtual Size: 3277464K (peak: 12074080K)
Resident Set Size: 279116K (peak: 291020K) (anon: 279116K, file: 0K, shmem: 0K)
Swapped out: 0K
C-Heap outstanding allocations: 25937K

/proc/sys/kernel/threads-max (system-wide limit on the number of threads):
20320
/proc/sys/vm/max_map_count (maximum number of memory map areas a process may have):
65530
/proc/sys/kernel/pid_max (system-wide limit on number of process identifiers):
32768

container (cgroup) information:
container_type: cgroupv1
cpu_cpuset_cpus: 0-1
cpu_memory_nodes: 0
active_processor_count: 2
cpu_quota: -1
cpu_period: 100000
cpu_shares: -1
memory_limit_in_bytes: -1
memory_and_swap_limit_in_bytes: -2
memory_soft_limit_in_bytes: -1
memory_usage_in_bytes: 2390982656
memory_max_usage_in_bytes: 2416164864

Steal ticks since vm start: 0
Steal ticks percentage since vm start:  0,000

CPU:total 2 (initial active 2) (2 cores per cpu, 1 threads per core) family 20 model 1 stepping 0 microcode 0x5000029, cmov, cx8, fxsr, mmx, sse, sse2, sse3, ssse3, popcnt, mmxext, lzcnt, sse4a, tsc, tscinvbit, tscinv
CPU Model and flags from /proc/cpuinfo:
model name	: AMD E-350 Processor
flags		: fpu vme de pse tsc msr pae mce cx8 apic sep mtrr pge mca cmov pat pse36 clflush mmx fxsr sse sse2 ht syscall nx mmxext fxsr_opt pdpe1gb rdtscp lm constant_tsc rep_good nopl nonstop_tsc cpuid extd_apicid aperfmperf pni monitor ssse3 cx16 popcnt lahf_lm cmp_legacy svm extapic cr8_legacy abm sse4a misalignsse 3dnowprefetch ibs skinit wdt hw_pstate vmmcall arat npt lbrv svm_lock nrip_save pausefilter
Online cpus:
0-1
Offline cpus:
2-3
BIOS frequency limitation:
1600000
Frequency switch latency (ns):
0
Available cpu frequencies:
1600000 1280000 800000 
Current governor:
ondemand
Core performance/turbo boost:
<Not Available>

Memory: 4k page, physical 2664980k(71284k free), swap 998396k(0k free)

vm_info: OpenJDK 64-Bit Server VM (11.0.11+9-Ubuntu-0ubuntu2.16.04) for linux-amd64 JRE (11.0.11+9-Ubuntu-0ubuntu2.16.04), built on Apr 21 2021 12:18:39 by "unknown" with gcc 8.4.0

END.
