#
# There is insufficient memory for the Java Runtime Environment to continue.
# Native memory allocation (mmap) failed to map 223346688 bytes for committing reserved memory.
# Possible reasons:
#   The system is out of physical RAM or swap space
#   The process is running with CompressedOops enabled, and the Java Heap may be blocking the growth of the native heap
# Possible solutions:
#   Reduce memory load on the system
#   Increase physical memory or swap space
#   Check if swap backing store is full
#   Decrease Java heap size (-Xmx/-Xms)
#   Decrease number of Java threads
#   Decrease Java thread stack sizes (-Xss)
#   Set larger code cache with -XX:ReservedCodeCacheSize=
#   JVM is running with Unscaled Compressed Oops mode in which the Java heap is
#     placed in the first 4GB address space. The Java Heap base address is the
#     maximum limit for the native heap growth. Please use -XX:HeapBaseMinAddress
#     to set the Java Heap base and to place the Java Heap above 4GB virtual address.
# This output file may be truncated or incomplete.
#
#  Out of Memory Error (os_linux.cpp:2985), pid=641, tid=669
#
# JRE version: OpenJDK Runtime Environment (11.0.11+9) (build 11.0.11+9-Ubuntu-0ubuntu2.16.04)
# Java VM: OpenJDK 64-Bit Server VM (11.0.11+9-Ubuntu-0ubuntu2.16.04, mixed mode, sharing, tiered, compressed oops, g1 gc, linux-amd64)
# Core dump will be written. Default location: Core dumps may be processed with "/usr/share/apport/apport %p %s %c %d %P %E" (or dumping to /home/nindaba/Documents/Spring/Restorant/user-service/core.641)
#

---------------  S U M M A R Y ------------

Command Line: -Dclassworlds.conf=/usr/share/maven/bin/m2.conf -Dmaven.home=/usr/share/maven -Dmaven.multiModuleProjectDirectory=/home/nindaba/Documents/Spring/Restorant/user-service org.codehaus.plexus.classworlds.launcher.Launcher install

Host: AMD E-350 Processor, 2 cores, 2G, Ubuntu 16.04.7 LTS
Time: Thu Dec  2 14:09:58 2021 CET elapsed time: 424.243348 seconds (0d 0h 7m 4s)

---------------  T H R E A D  ---------------

Current thread (0x00007f83940ad000):  VMThread "VM Thread" [stack: 0x00007f837c4f5000,0x00007f837c5f5000] [id=669]

Stack: [0x00007f837c4f5000,0x00007f837c5f5000],  sp=0x00007f837c5f2ea0,  free space=1015k
Native frames: (J=compiled Java code, A=aot compiled Java code, j=interpreted, Vv=VM code, C=native code)
V  [libjvm.so+0xe1d94a]
V  [libjvm.so+0xe1e5fb]
V  [libjvm.so+0x64ad05]
V  [libjvm.so+0xb78038]
V  [libjvm.so+0xb6e4dd]
V  [libjvm.so+0x76262f]
V  [libjvm.so+0x7629de]
V  [libjvm.so+0x76c076]
V  [libjvm.so+0x7e4774]
V  [libjvm.so+0x7e5380]
V  [libjvm.so+0x7e5797]
V  [libjvm.so+0x7202e0]
V  [libjvm.so+0x724cac]
V  [libjvm.so+0xe28914]
V  [libjvm.so+0xe20108]
V  [libjvm.so+0xe25ff7]
V  [libjvm.so+0xe26688]
V  [libjvm.so+0xe26993]
V  [libjvm.so+0xdb7d99]
V  [libjvm.so+0xb7c8fe]

VM_Operation (0x00007f839cf69830): G1CollectForAllocation, mode: safepoint, requested by thread 0x00007f8394028000


---------------  P R O C E S S  ---------------

Threads class SMR info:
_java_thread_list=0x00007f83940f48d0, length=9, elements={
0x00007f8394028000, 0x00007f83940af800, 0x00007f83940b1800, 0x00007f83940b8000,
0x00007f83940ba000, 0x00007f83940bc800, 0x00007f83940be800, 0x00007f83940c0800,
0x00007f83940f3000
}

Java Threads: ( => current thread )
  0x00007f8394028000 JavaThread "main" [_thread_blocked, id=663, stack(0x00007f839ce6d000,0x00007f839cf6e000)]
  0x00007f83940af800 JavaThread "Reference Handler" daemon [_thread_blocked, id=670, stack(0x00007f837c3f3000,0x00007f837c4f4000)]
  0x00007f83940b1800 JavaThread "Finalizer" daemon [_thread_blocked, id=671, stack(0x00007f837c2f2000,0x00007f837c3f3000)]
  0x00007f83940b8000 JavaThread "Signal Dispatcher" daemon [_thread_blocked, id=672, stack(0x00007f8374ccf000,0x00007f8374dd0000)]
  0x00007f83940ba000 JavaThread "Service Thread" daemon [_thread_blocked, id=673, stack(0x00007f8374bce000,0x00007f8374ccf000)]
  0x00007f83940bc800 JavaThread "C2 CompilerThread0" daemon [_thread_blocked, id=674, stack(0x00007f8374acd000,0x00007f8374bce000)]
  0x00007f83940be800 JavaThread "C1 CompilerThread0" daemon [_thread_blocked, id=675, stack(0x00007f83749cc000,0x00007f8374acd000)]
  0x00007f83940c0800 JavaThread "Sweeper thread" daemon [_thread_blocked, id=676, stack(0x00007f83748cb000,0x00007f83749cc000)]
  0x00007f83940f3000 JavaThread "Common-Cleaner" daemon [_thread_blocked, id=678, stack(0x00007f83746c9000,0x00007f83747ca000)]

Other Threads:
=>0x00007f83940ad000 VMThread "VM Thread" [stack: 0x00007f837c4f5000,0x00007f837c5f5000] [id=669]
  0x00007f83940f0800 WatcherThread [stack: 0x00007f83747cb000,0x00007f83748cb000] [id=677]
  0x00007f8394040000 GCTaskThread "GC Thread#0" [stack: 0x00007f8399467000,0x00007f8399567000] [id=664]
  0x00007f8364001000 GCTaskThread "GC Thread#1" [stack: 0x00007f83741a1000,0x00007f83742a1000] [id=680]
  0x00007f8394054000 ConcurrentGCThread "G1 Main Marker" [stack: 0x00007f8398362000,0x00007f8398462000] [id=665]
  0x00007f8394056000 ConcurrentGCThread "G1 Conc#0" [stack: 0x00007f8398261000,0x00007f8398361000] [id=666]
  0x00007f8394081000 ConcurrentGCThread "G1 Refine#0" [stack: 0x00007f837c778000,0x00007f837c878000] [id=667]
  0x00007f836c001000 ConcurrentGCThread "G1 Refine#1" [stack: 0x00007f83740a0000,0x00007f83741a0000] [id=681]
  0x00007f8394082800 ConcurrentGCThread "G1 Young RemSet Sampling" [stack: 0x00007f837c677000,0x00007f837c777000] [id=668]

Threads with active compile tasks:

VM state:at safepoint (normal execution)

VM Mutex/Monitor currently owned by a thread:  ([mutex/lock_event])
[0x00007f83940243a0] Threads_lock - owner thread: 0x00007f83940ad000
[0x00007f8394024b80] Heap_lock - owner thread: 0x00007f8394028000

Heap address: 0x00000000d7400000, size: 652 MB, Compressed Oops mode: 32-bit
Narrow klass base: 0x0000000800000000, Narrow klass shift: 3
Compressed class space size: 1073741824 Address: 0x0000000840000000

Heap:
 garbage-first heap   total 340992K, used 26972K [0x00000000d7400000, 0x0000000100000000)
  region size 1024K, 1 young (1024K), 1 survivors (1024K)
 Metaspace       used 23046K, capacity 23424K, committed 23728K, reserved 1071104K
  class space    used 2577K, capacity 2737K, committed 2816K, reserved 1048576K
Heap Regions: E=young(eden), S=young(survivor), O=old, HS=humongous(starts), HC=humongous(continues), CS=collection set, F=free, A=archive, TAMS=top-at-mark-start (previous, next)
|   0|0x00000000d7400000, 0x00000000d7500000, 0x00000000d7500000|100%| O|  |TAMS 0x00000000d7500000, 0x00000000d7400000| Untracked 
|   1|0x00000000d7500000, 0x00000000d7600000, 0x00000000d7600000|100%| O|  |TAMS 0x00000000d7600000, 0x00000000d7500000| Untracked 
|   2|0x00000000d7600000, 0x00000000d7700000, 0x00000000d7700000|100%| O|  |TAMS 0x00000000d7700000, 0x00000000d7600000| Untracked 
|   3|0x00000000d7700000, 0x00000000d7800000, 0x00000000d7800000|100%| O|  |TAMS 0x00000000d7800000, 0x00000000d7700000| Untracked 
|   4|0x00000000d7800000, 0x00000000d7900000, 0x00000000d7900000|100%| O|  |TAMS 0x00000000d78a0400, 0x00000000d7800000| Untracked 
|   5|0x00000000d7900000, 0x00000000d7a00000, 0x00000000d7a00000|100%| O|  |TAMS 0x00000000d7900000, 0x00000000d7900000| Untracked 
|   6|0x00000000d7a00000, 0x00000000d7b00000, 0x00000000d7b00000|100%| O|  |TAMS 0x00000000d7a00000, 0x00000000d7a00000| Untracked 
|   7|0x00000000d7b00000, 0x00000000d7c00000, 0x00000000d7c00000|100%| O|  |TAMS 0x00000000d7b00000, 0x00000000d7b00000| Untracked 
|   8|0x00000000d7c00000, 0x00000000d7d00000, 0x00000000d7d00000|100%| O|  |TAMS 0x00000000d7c00000, 0x00000000d7c00000| Untracked 
|   9|0x00000000d7d00000, 0x00000000d7e00000, 0x00000000d7e00000|100%| O|  |TAMS 0x00000000d7d00000, 0x00000000d7d00000| Untracked 
|  10|0x00000000d7e00000, 0x00000000d7f00000, 0x00000000d7f00000|100%| O|  |TAMS 0x00000000d7e00000, 0x00000000d7e00000| Untracked 
|  11|0x00000000d7f00000, 0x00000000d8000000, 0x00000000d8000000|100%| O|  |TAMS 0x00000000d7f00000, 0x00000000d7f00000| Untracked 
|  12|0x00000000d8000000, 0x00000000d8100000, 0x00000000d8100000|100%| O|  |TAMS 0x00000000d8000000, 0x00000000d8000000| Untracked 
|  13|0x00000000d8100000, 0x00000000d8200000, 0x00000000d8200000|100%| O|  |TAMS 0x00000000d8100000, 0x00000000d8100000| Untracked 
|  14|0x00000000d8200000, 0x00000000d8300000, 0x00000000d8300000|100%| O|  |TAMS 0x00000000d8200000, 0x00000000d8200000| Untracked 
|  15|0x00000000d8300000, 0x00000000d8400000, 0x00000000d8400000|100%| O|  |TAMS 0x00000000d8300000, 0x00000000d8300000| Untracked 
|  16|0x00000000d8400000, 0x00000000d8500000, 0x00000000d8500000|100%| O|  |TAMS 0x00000000d8400000, 0x00000000d8400000| Untracked 
|  17|0x00000000d8500000, 0x00000000d8600000, 0x00000000d8600000|100%| O|  |TAMS 0x00000000d8500000, 0x00000000d8500000| Untracked 
|  18|0x00000000d8600000, 0x00000000d8700000, 0x00000000d8700000|100%| O|  |TAMS 0x00000000d8600000, 0x00000000d8600000| Untracked 
|  19|0x00000000d8700000, 0x00000000d8800000, 0x00000000d8800000|100%| O|  |TAMS 0x00000000d8700000, 0x00000000d8700000| Untracked 
|  20|0x00000000d8800000, 0x00000000d8900000, 0x00000000d8900000|100%| O|  |TAMS 0x00000000d8800000, 0x00000000d8800000| Untracked 
|  21|0x00000000d8900000, 0x00000000d8a00000, 0x00000000d8a00000|100%| O|  |TAMS 0x00000000d8900000, 0x00000000d8900000| Untracked 
|  22|0x00000000d8a00000, 0x00000000d8b00000, 0x00000000d8b00000|100%| O|  |TAMS 0x00000000d8a00000, 0x00000000d8a00000| Untracked 
|  23|0x00000000d8b00000, 0x00000000d8c00000, 0x00000000d8c00000|100%| O|  |TAMS 0x00000000d8b00000, 0x00000000d8b00000| Untracked 
|  24|0x00000000d8c00000, 0x00000000d8d00000, 0x00000000d8d00000|100%| O|  |TAMS 0x00000000d8c00000, 0x00000000d8c00000| Untracked 
|  25|0x00000000d8d00000, 0x00000000d8d25c00, 0x00000000d8e00000| 14%| O|  |TAMS 0x00000000d8d00000, 0x00000000d8d00000| Untracked 
|  26|0x00000000d8e00000, 0x00000000d8e00000, 0x00000000d8f00000|  0%| F|  |TAMS 0x00000000d8e00000, 0x00000000d8e00000| Untracked 
|  27|0x00000000d8f00000, 0x00000000d8f00000, 0x00000000d9000000|  0%| F|  |TAMS 0x00000000d8f00000, 0x00000000d8f00000| Untracked 
|  28|0x00000000d9000000, 0x00000000d9000000, 0x00000000d9100000|  0%| F|  |TAMS 0x00000000d9000000, 0x00000000d9000000| Untracked 
|  29|0x00000000d9100000, 0x00000000d9100000, 0x00000000d9200000|  0%| F|  |TAMS 0x00000000d9100000, 0x00000000d9100000| Untracked 
|  30|0x00000000d9200000, 0x00000000d9200000, 0x00000000d9300000|  0%| F|  |TAMS 0x00000000d9200000, 0x00000000d9200000| Untracked 
|  31|0x00000000d9300000, 0x00000000d9300000, 0x00000000d9400000|  0%| F|  |TAMS 0x00000000d9300000, 0x00000000d9300000| Untracked 
|  32|0x00000000d9400000, 0x00000000d9400000, 0x00000000d9500000|  0%| F|  |TAMS 0x00000000d9400000, 0x00000000d9400000| Untracked 
|  33|0x00000000d9500000, 0x00000000d9500000, 0x00000000d9600000|  0%| F|  |TAMS 0x00000000d9500000, 0x00000000d9500000| Untracked 
|  34|0x00000000d9600000, 0x00000000d9600000, 0x00000000d9700000|  0%| F|  |TAMS 0x00000000d9600000, 0x00000000d9600000| Untracked 
|  35|0x00000000d9700000, 0x00000000d9700000, 0x00000000d9800000|  0%| F|  |TAMS 0x00000000d9700000, 0x00000000d9700000| Untracked 
|  36|0x00000000d9800000, 0x00000000d9800000, 0x00000000d9900000|  0%| F|  |TAMS 0x00000000d9800000, 0x00000000d9800000| Untracked 
|  37|0x00000000d9900000, 0x00000000d9900000, 0x00000000d9a00000|  0%| F|  |TAMS 0x00000000d9900000, 0x00000000d9900000| Untracked 
|  38|0x00000000d9a00000, 0x00000000d9a00000, 0x00000000d9b00000|  0%| F|  |TAMS 0x00000000d9a00000, 0x00000000d9a00000| Untracked 
|  39|0x00000000d9b00000, 0x00000000d9b00000, 0x00000000d9c00000|  0%| F|  |TAMS 0x00000000d9b00000, 0x00000000d9b00000| Untracked 
|  40|0x00000000d9c00000, 0x00000000d9c00000, 0x00000000d9d00000|  0%| F|  |TAMS 0x00000000d9c00000, 0x00000000d9c00000| Untracked 
|  41|0x00000000d9d00000, 0x00000000d9d00000, 0x00000000d9e00000|  0%| F|  |TAMS 0x00000000d9d00000, 0x00000000d9d00000| Untracked 
|  42|0x00000000d9e00000, 0x00000000d9e00000, 0x00000000d9f00000|  0%| F|  |TAMS 0x00000000d9e00000, 0x00000000d9e00000| Untracked 
|  43|0x00000000d9f00000, 0x00000000d9f00000, 0x00000000da000000|  0%| F|  |TAMS 0x00000000d9f00000, 0x00000000d9f00000| Untracked 
|  44|0x00000000da000000, 0x00000000da000000, 0x00000000da100000|  0%| F|  |TAMS 0x00000000da000000, 0x00000000da000000| Untracked 
|  45|0x00000000da100000, 0x00000000da100000, 0x00000000da200000|  0%| F|  |TAMS 0x00000000da100000, 0x00000000da100000| Untracked 
|  46|0x00000000da200000, 0x00000000da200000, 0x00000000da300000|  0%| F|  |TAMS 0x00000000da200000, 0x00000000da200000| Untracked 
|  47|0x00000000da300000, 0x00000000da300000, 0x00000000da400000|  0%| F|  |TAMS 0x00000000da300000, 0x00000000da300000| Untracked 
|  48|0x00000000da400000, 0x00000000da400000, 0x00000000da500000|  0%| F|  |TAMS 0x00000000da400000, 0x00000000da400000| Untracked 
|  49|0x00000000da500000, 0x00000000da500000, 0x00000000da600000|  0%| F|  |TAMS 0x00000000da500000, 0x00000000da500000| Untracked 
|  50|0x00000000da600000, 0x00000000da600000, 0x00000000da700000|  0%| F|  |TAMS 0x00000000da600000, 0x00000000da600000| Untracked 
|  51|0x00000000da700000, 0x00000000da700000, 0x00000000da800000|  0%| F|  |TAMS 0x00000000da700000, 0x00000000da700000| Untracked 
|  52|0x00000000da800000, 0x00000000da800000, 0x00000000da900000|  0%| F|  |TAMS 0x00000000da800000, 0x00000000da800000| Untracked 
|  53|0x00000000da900000, 0x00000000da900000, 0x00000000daa00000|  0%| F|  |TAMS 0x00000000da900000, 0x00000000da900000| Untracked 
|  54|0x00000000daa00000, 0x00000000daa00000, 0x00000000dab00000|  0%| F|  |TAMS 0x00000000daa00000, 0x00000000daa00000| Untracked 
|  55|0x00000000dab00000, 0x00000000dab00000, 0x00000000dac00000|  0%| F|  |TAMS 0x00000000dab00000, 0x00000000dab00000| Untracked 
|  56|0x00000000dac00000, 0x00000000dac00000, 0x00000000dad00000|  0%| F|  |TAMS 0x00000000dac00000, 0x00000000dac00000| Untracked 
|  57|0x00000000dad00000, 0x00000000dad00000, 0x00000000dae00000|  0%| F|  |TAMS 0x00000000dad00000, 0x00000000dad00000| Untracked 
|  58|0x00000000dae00000, 0x00000000dae00000, 0x00000000daf00000|  0%| F|  |TAMS 0x00000000dae00000, 0x00000000dae00000| Untracked 
|  59|0x00000000daf00000, 0x00000000daf00000, 0x00000000db000000|  0%| F|  |TAMS 0x00000000daf00000, 0x00000000daf00000| Untracked 
|  60|0x00000000db000000, 0x00000000db000000, 0x00000000db100000|  0%| F|  |TAMS 0x00000000db000000, 0x00000000db000000| Untracked 
|  61|0x00000000db100000, 0x00000000db100000, 0x00000000db200000|  0%| F|  |TAMS 0x00000000db100000, 0x00000000db100000| Untracked 
|  62|0x00000000db200000, 0x00000000db200000, 0x00000000db300000|  0%| F|  |TAMS 0x00000000db200000, 0x00000000db200000| Untracked 
|  63|0x00000000db300000, 0x00000000db300000, 0x00000000db400000|  0%| F|  |TAMS 0x00000000db300000, 0x00000000db300000| Untracked 
|  64|0x00000000db400000, 0x00000000db400000, 0x00000000db500000|  0%| F|  |TAMS 0x00000000db400000, 0x00000000db400000| Untracked 
|  65|0x00000000db500000, 0x00000000db500000, 0x00000000db600000|  0%| F|  |TAMS 0x00000000db500000, 0x00000000db500000| Untracked 
|  66|0x00000000db600000, 0x00000000db600000, 0x00000000db700000|  0%| F|  |TAMS 0x00000000db600000, 0x00000000db600000| Untracked 
|  67|0x00000000db700000, 0x00000000db700000, 0x00000000db800000|  0%| F|  |TAMS 0x00000000db700000, 0x00000000db700000| Untracked 
|  68|0x00000000db800000, 0x00000000db800000, 0x00000000db900000|  0%| F|  |TAMS 0x00000000db800000, 0x00000000db800000| Untracked 
|  69|0x00000000db900000, 0x00000000db900000, 0x00000000dba00000|  0%| F|  |TAMS 0x00000000db900000, 0x00000000db900000| Untracked 
|  70|0x00000000dba00000, 0x00000000dba00000, 0x00000000dbb00000|  0%| F|  |TAMS 0x00000000dba00000, 0x00000000dba00000| Untracked 
|  71|0x00000000dbb00000, 0x00000000dbb00000, 0x00000000dbc00000|  0%| F|  |TAMS 0x00000000dbb00000, 0x00000000dbb00000| Untracked 
|  72|0x00000000dbc00000, 0x00000000dbc00000, 0x00000000dbd00000|  0%| F|  |TAMS 0x00000000dbc00000, 0x00000000dbc00000| Untracked 
|  73|0x00000000dbd00000, 0x00000000dbd00000, 0x00000000dbe00000|  0%| F|  |TAMS 0x00000000dbd00000, 0x00000000dbd00000| Untracked 
|  74|0x00000000dbe00000, 0x00000000dbe00000, 0x00000000dbf00000|  0%| F|  |TAMS 0x00000000dbe00000, 0x00000000dbe00000| Untracked 
|  75|0x00000000dbf00000, 0x00000000dbf00000, 0x00000000dc000000|  0%| F|  |TAMS 0x00000000dbf00000, 0x00000000dbf00000| Untracked 
|  76|0x00000000dc000000, 0x00000000dc000000, 0x00000000dc100000|  0%| F|  |TAMS 0x00000000dc000000, 0x00000000dc000000| Untracked 
|  77|0x00000000dc100000, 0x00000000dc100000, 0x00000000dc200000|  0%| F|  |TAMS 0x00000000dc100000, 0x00000000dc100000| Untracked 
|  78|0x00000000dc200000, 0x00000000dc200000, 0x00000000dc300000|  0%| F|  |TAMS 0x00000000dc200000, 0x00000000dc200000| Untracked 
|  79|0x00000000dc300000, 0x00000000dc300000, 0x00000000dc400000|  0%| F|  |TAMS 0x00000000dc300000, 0x00000000dc300000| Untracked 
|  80|0x00000000dc400000, 0x00000000dc400000, 0x00000000dc500000|  0%| F|  |TAMS 0x00000000dc400000, 0x00000000dc400000| Untracked 
|  81|0x00000000dc500000, 0x00000000dc500000, 0x00000000dc600000|  0%| F|  |TAMS 0x00000000dc500000, 0x00000000dc500000| Untracked 
|  82|0x00000000dc600000, 0x00000000dc600000, 0x00000000dc700000|  0%| F|  |TAMS 0x00000000dc600000, 0x00000000dc600000| Untracked 
|  83|0x00000000dc700000, 0x00000000dc700000, 0x00000000dc800000|  0%| F|  |TAMS 0x00000000dc700000, 0x00000000dc700000| Untracked 
|  84|0x00000000dc800000, 0x00000000dc800000, 0x00000000dc900000|  0%| F|  |TAMS 0x00000000dc800000, 0x00000000dc800000| Untracked 
|  85|0x00000000dc900000, 0x00000000dc900000, 0x00000000dca00000|  0%| F|  |TAMS 0x00000000dc900000, 0x00000000dc900000| Untracked 
|  86|0x00000000dca00000, 0x00000000dca00000, 0x00000000dcb00000|  0%| F|  |TAMS 0x00000000dca00000, 0x00000000dca00000| Untracked 
|  87|0x00000000dcb00000, 0x00000000dcb00000, 0x00000000dcc00000|  0%| F|  |TAMS 0x00000000dcb00000, 0x00000000dcb00000| Untracked 
|  88|0x00000000dcc00000, 0x00000000dcc00000, 0x00000000dcd00000|  0%| F|  |TAMS 0x00000000dcc00000, 0x00000000dcc00000| Untracked 
|  89|0x00000000dcd00000, 0x00000000dcd00000, 0x00000000dce00000|  0%| F|  |TAMS 0x00000000dcd00000, 0x00000000dcd00000| Untracked 
|  90|0x00000000dce00000, 0x00000000dce00000, 0x00000000dcf00000|  0%| F|  |TAMS 0x00000000dce00000, 0x00000000dce00000| Untracked 
|  91|0x00000000dcf00000, 0x00000000dcf00000, 0x00000000dd000000|  0%| F|  |TAMS 0x00000000dcf00000, 0x00000000dcf00000| Untracked 
|  92|0x00000000dd000000, 0x00000000dd000000, 0x00000000dd100000|  0%| F|  |TAMS 0x00000000dd000000, 0x00000000dd000000| Untracked 
|  93|0x00000000dd100000, 0x00000000dd100000, 0x00000000dd200000|  0%| F|  |TAMS 0x00000000dd100000, 0x00000000dd100000| Untracked 
|  94|0x00000000dd200000, 0x00000000dd200000, 0x00000000dd300000|  0%| F|  |TAMS 0x00000000dd200000, 0x00000000dd200000| Untracked 
|  95|0x00000000dd300000, 0x00000000dd300000, 0x00000000dd400000|  0%| F|  |TAMS 0x00000000dd300000, 0x00000000dd300000| Untracked 
|  96|0x00000000dd400000, 0x00000000dd400000, 0x00000000dd500000|  0%| F|  |TAMS 0x00000000dd400000, 0x00000000dd400000| Untracked 
|  97|0x00000000dd500000, 0x00000000dd500000, 0x00000000dd600000|  0%| F|  |TAMS 0x00000000dd500000, 0x00000000dd500000| Untracked 
|  98|0x00000000dd600000, 0x00000000dd600000, 0x00000000dd700000|  0%| F|  |TAMS 0x00000000dd600000, 0x00000000dd600000| Untracked 
|  99|0x00000000dd700000, 0x00000000dd700000, 0x00000000dd800000|  0%| F|  |TAMS 0x00000000dd700000, 0x00000000dd700000| Untracked 
| 100|0x00000000dd800000, 0x00000000dd800000, 0x00000000dd900000|  0%| F|  |TAMS 0x00000000dd800000, 0x00000000dd800000| Untracked 
| 101|0x00000000dd900000, 0x00000000dd900000, 0x00000000dda00000|  0%| F|  |TAMS 0x00000000dd900000, 0x00000000dd900000| Untracked 
| 102|0x00000000dda00000, 0x00000000dda00000, 0x00000000ddb00000|  0%| F|  |TAMS 0x00000000dda00000, 0x00000000dda00000| Untracked 
| 103|0x00000000ddb00000, 0x00000000ddb00000, 0x00000000ddc00000|  0%| F|  |TAMS 0x00000000ddb00000, 0x00000000ddb00000| Untracked 
| 104|0x00000000ddc00000, 0x00000000ddc00000, 0x00000000ddd00000|  0%| F|  |TAMS 0x00000000ddc00000, 0x00000000ddc00000| Untracked 
| 105|0x00000000ddd00000, 0x00000000ddd00000, 0x00000000dde00000|  0%| F|  |TAMS 0x00000000ddd00000, 0x00000000ddd00000| Untracked 
| 106|0x00000000dde00000, 0x00000000dde00000, 0x00000000ddf00000|  0%| F|  |TAMS 0x00000000dde00000, 0x00000000dde00000| Untracked 
| 107|0x00000000ddf00000, 0x00000000ddf00000, 0x00000000de000000|  0%| F|  |TAMS 0x00000000ddf00000, 0x00000000ddf00000| Untracked 
| 108|0x00000000de000000, 0x00000000de000000, 0x00000000de100000|  0%| F|  |TAMS 0x00000000de000000, 0x00000000de000000| Untracked 
| 109|0x00000000de100000, 0x00000000de100000, 0x00000000de200000|  0%| F|  |TAMS 0x00000000de100000, 0x00000000de100000| Untracked 
| 110|0x00000000de200000, 0x00000000de200000, 0x00000000de300000|  0%| F|  |TAMS 0x00000000de200000, 0x00000000de200000| Untracked 
| 111|0x00000000de300000, 0x00000000de37f7a0, 0x00000000de400000| 49%| S|CS|TAMS 0x00000000de300000, 0x00000000de300000| Complete 
| 112|0x00000000de400000, 0x00000000de400000, 0x00000000de500000|  0%| F|  |TAMS 0x00000000de400000, 0x00000000de400000| Untracked 
| 113|0x00000000de500000, 0x00000000de500000, 0x00000000de600000|  0%| F|  |TAMS 0x00000000de500000, 0x00000000de500000| Untracked 
| 114|0x00000000de600000, 0x00000000de600000, 0x00000000de700000|  0%| F|  |TAMS 0x00000000de600000, 0x00000000de600000| Untracked 
| 115|0x00000000de700000, 0x00000000de700000, 0x00000000de800000|  0%| F|  |TAMS 0x00000000de700000, 0x00000000de700000| Untracked 
| 116|0x00000000de800000, 0x00000000de800000, 0x00000000de900000|  0%| F|  |TAMS 0x00000000de800000, 0x00000000de800000| Untracked 
| 117|0x00000000de900000, 0x00000000de900000, 0x00000000dea00000|  0%| F|  |TAMS 0x00000000de900000, 0x00000000de900000| Untracked 
| 650|0x00000000ffe00000, 0x00000000ffe47000, 0x00000000fff00000| 27%|OA|  |TAMS 0x00000000ffe47000, 0x00000000ffe00000| Untracked 
| 651|0x00000000fff00000, 0x00000000fff6b000, 0x0000000100000000| 41%|CA|  |TAMS 0x00000000fff6b000, 0x00000000fff00000| Untracked 

Card table byte_map: [0x00007f8398fd8000,0x00007f839911e000] _byte_map_base: 0x00007f839891e000

Marking Bits (Prev, Next): (CMBitMap*) 0x00007f8394050850, (CMBitMap*) 0x00007f8394050818
 Prev Bits: [0x00007f83775d0000, 0x00007f8378000000)
 Next Bits: [0x00007f8398462000, 0x00007f8398e92000)

Polling page: 0x00007f839cf91000

Metaspace:

Usage:
  Non-class:     20,20 MB capacity,    19,99 MB ( 99%) used,   185,10 KB ( <1%) free+waste,    32,94 KB ( <1%) overhead. 
      Class:      2,67 MB capacity,     2,52 MB ( 94%) used,   145,40 KB (  5%) free+waste,    13,94 KB ( <1%) overhead. 
       Both:     22,88 MB capacity,    22,51 MB ( 98%) used,   330,50 KB (  1%) free+waste,    46,88 KB ( <1%) overhead. 

Virtual space:
  Non-class space:       22,00 MB reserved,      20,42 MB ( 93%) committed 
      Class space:        1,00 GB reserved,       2,75 MB ( <1%) committed 
             Both:        1,02 GB reserved,      23,17 MB (  2%) committed 

Chunk freelists:
   Non-Class:  221,00 KB
       Class:  15,00 KB
        Both:  236,00 KB

MaxMetaspaceSize: unlimited
CompressedClassSpaceSize: 1,00 GB

CodeHeap 'non-profiled nmethods': size=120036Kb used=2214Kb max_used=2214Kb free=117821Kb
 bounds [0x00007f838433f000, 0x00007f83845af000, 0x00007f838b878000]
CodeHeap 'profiled nmethods': size=120032Kb used=10266Kb max_used=10266Kb free=109765Kb
 bounds [0x00007f837ce07000, 0x00007f837d817000, 0x00007f838433f000]
CodeHeap 'non-nmethods': size=5692Kb used=1121Kb max_used=1166Kb free=4570Kb
 bounds [0x00007f837c878000, 0x00007f837cae8000, 0x00007f837ce07000]
 total_blobs=5167 nmethods=4710 adapters=370
 compilation: enabled
              stopped_count=0, restarted_count=0
 full_count=0

Compilation events (20 events):
Event: 412,851 Thread 0x00007f83940be800 nmethod 5143 0x00007f837d7fce90 code [0x00007f837d7fd0a0, 0x00007f837d7fd800]
Event: 412,955 Thread 0x00007f83940be800 5144   !   3       org.apache.maven.model.Organization::clone (73 bytes)
Event: 412,959 Thread 0x00007f83940be800 nmethod 5144 0x00007f837d7fda90 code [0x00007f837d7fdd80, 0x00007f837d7febf0]
Event: 413,202 Thread 0x00007f83940be800 5145       3       org.apache.maven.model.merge.ModelMerger::mergeModelBase_DistributionManagement (49 bytes)
Event: 413,204 Thread 0x00007f83940be800 nmethod 5145 0x00007f837d7ff190 code [0x00007f837d7ff360, 0x00007f837d7ff940]
Event: 413,205 Thread 0x00007f83940be800 5146       3       org.apache.maven.model.merge.MavenModelMerger::mergeModelBase_Modules (224 bytes)
Event: 413,302 Thread 0x00007f83940be800 nmethod 5146 0x00007f837d7ffb10 code [0x00007f837d800120, 0x00007f837d8042e0]
Event: 413,302 Thread 0x00007f83940be800 5147       3       org.apache.maven.model.merge.MavenModelMerger::mergeModelBase_Repositories (210 bytes)
Event: 413,346 Thread 0x00007f83940be800 nmethod 5147 0x00007f837d805910 code [0x00007f837d805d60, 0x00007f837d808540]
Event: 413,347 Thread 0x00007f83940be800 5148       3       org.apache.maven.model.merge.MavenModelMerger::mergeModelBase_PluginRepositories (210 bytes)
Event: 413,354 Thread 0x00007f83940be800 nmethod 5148 0x00007f837d809110 code [0x00007f837d809560, 0x00007f837d80bd40]
Event: 413,432 Thread 0x00007f83940be800 5155       3       org.eclipse.aether.RepositoryEvent$Builder::setRepository (7 bytes)
Event: 413,433 Thread 0x00007f83940be800 nmethod 5155 0x00007f837d80c910 code [0x00007f837d80cac0, 0x00007f837d80cc30]
Event: 413,772 Thread 0x00007f83940bc800 nmethod 5119 0x00007f838455fe10 code [0x00007f8384560180, 0x00007f8384563830]
Event: 413,772 Thread 0x00007f83940bc800 5129       4       java.util.concurrent.ConcurrentHashMap::putAll (63 bytes)
Event: 414,170 Thread 0x00007f83940bc800 nmethod 5129 0x00007f8384566610 code [0x00007f8384566880, 0x00007f8384567cd8]
Event: 414,460 Thread 0x00007f83940be800 5156       3       sun.nio.ch.FileDispatcherImpl::lock (11 bytes)
Event: 414,461 Thread 0x00007f83940be800 nmethod 5156 0x00007f837d80cd10 code [0x00007f837d80cec0, 0x00007f837d80d000]
Event: 419,399 Thread 0x00007f83940be800 5157       3       org.apache.maven.wagon.providers.http.httpclient.util.CharArrayBuffer::ensureCapacity (32 bytes)
Event: 419,563 Thread 0x00007f83940be800 nmethod 5157 0x00007f837d80d110 code [0x00007f837d80d300, 0x00007f837d80d780]

GC Heap History (20 events):
Event: 151,584 GC heap after
{Heap after GC invocations=15 (full 0):
 garbage-first heap   total 65536K, used 21384K [0x00000000d7400000, 0x0000000100000000)
  region size 1024K, 1 young (1024K), 1 survivors (1024K)
 Metaspace       used 22820K, capacity 23162K, committed 23472K, reserved 1071104K
  class space    used 2576K, capacity 2736K, committed 2816K, reserved 1048576K
}
Event: 157,020 GC heap before
{Heap before GC invocations=15 (full 0):
 garbage-first heap   total 65536K, used 23432K [0x00000000d7400000, 0x0000000100000000)
  region size 1024K, 3 young (3072K), 1 survivors (1024K)
 Metaspace       used 22834K, capacity 23162K, committed 23472K, reserved 1071104K
  class space    used 2577K, capacity 2736K, committed 2816K, reserved 1048576K
}
Event: 157,048 GC heap after
{Heap after GC invocations=16 (full 0):
 garbage-first heap   total 65536K, used 21591K [0x00000000d7400000, 0x0000000100000000)
  region size 1024K, 1 young (1024K), 1 survivors (1024K)
 Metaspace       used 22834K, capacity 23162K, committed 23472K, reserved 1071104K
  class space    used 2577K, capacity 2736K, committed 2816K, reserved 1048576K
}
Event: 162,080 GC heap before
{Heap before GC invocations=16 (full 0):
 garbage-first heap   total 65536K, used 22615K [0x00000000d7400000, 0x0000000100000000)
  region size 1024K, 3 young (3072K), 1 survivors (1024K)
 Metaspace       used 22892K, capacity 23226K, committed 23728K, reserved 1071104K
  class space    used 2577K, capacity 2736K, committed 2816K, reserved 1048576K
}
Event: 162,160 GC heap after
{Heap after GC invocations=17 (full 0):
 garbage-first heap   total 65536K, used 22172K [0x00000000d7400000, 0x0000000100000000)
  region size 1024K, 1 young (1024K), 1 survivors (1024K)
 Metaspace       used 22892K, capacity 23226K, committed 23728K, reserved 1071104K
  class space    used 2577K, capacity 2736K, committed 2816K, reserved 1048576K
}
Event: 168,356 GC heap before
{Heap before GC invocations=17 (full 0):
 garbage-first heap   total 65536K, used 24220K [0x00000000d7400000, 0x0000000100000000)
  region size 1024K, 3 young (3072K), 1 survivors (1024K)
 Metaspace       used 22903K, capacity 23226K, committed 23728K, reserved 1071104K
  class space    used 2577K, capacity 2736K, committed 2816K, reserved 1048576K
}
Event: 168,632 GC heap after
{Heap after GC invocations=18 (full 0):
 garbage-first heap   total 65536K, used 22615K [0x00000000d7400000, 0x0000000100000000)
  region size 1024K, 1 young (1024K), 1 survivors (1024K)
 Metaspace       used 22903K, capacity 23226K, committed 23728K, reserved 1071104K
  class space    used 2577K, capacity 2736K, committed 2816K, reserved 1048576K
}
Event: 177,236 GC heap before
{Heap before GC invocations=18 (full 0):
 garbage-first heap   total 65536K, used 31831K [0x00000000d7400000, 0x0000000100000000)
  region size 1024K, 10 young (10240K), 1 survivors (1024K)
 Metaspace       used 22914K, capacity 23291K, committed 23728K, reserved 1071104K
  class space    used 2577K, capacity 2736K, committed 2816K, reserved 1048576K
}
Event: 177,806 GC heap after
{Heap after GC invocations=19 (full 0):
 garbage-first heap   total 65536K, used 23311K [0x00000000d7400000, 0x0000000100000000)
  region size 1024K, 2 young (2048K), 2 survivors (2048K)
 Metaspace       used 22914K, capacity 23291K, committed 23728K, reserved 1071104K
  class space    used 2577K, capacity 2736K, committed 2816K, reserved 1048576K
}
Event: 193,179 GC heap before
{Heap before GC invocations=19 (full 0):
 garbage-first heap   total 65536K, used 38671K [0x00000000d7400000, 0x0000000100000000)
  region size 1024K, 18 young (18432K), 2 survivors (2048K)
 Metaspace       used 22962K, capacity 23356K, committed 23728K, reserved 1071104K
  class space    used 2577K, capacity 2736K, committed 2816K, reserved 1048576K
}
Event: 196,579 GC heap after
{Heap after GC invocations=20 (full 0):
 garbage-first heap   total 65536K, used 24967K [0x00000000d7400000, 0x0000000100000000)
  region size 1024K, 3 young (3072K), 3 survivors (3072K)
 Metaspace       used 22962K, capacity 23356K, committed 23728K, reserved 1071104K
  class space    used 2577K, capacity 2736K, committed 2816K, reserved 1048576K
}
Event: 206,558 GC heap before
{Heap before GC invocations=20 (full 0):
 garbage-first heap   total 65536K, used 25991K [0x00000000d7400000, 0x0000000100000000)
  region size 1024K, 4 young (4096K), 3 survivors (3072K)
 Metaspace       used 22965K, capacity 23356K, committed 23728K, reserved 1071104K
  class space    used 2577K, capacity 2736K, committed 2816K, reserved 1048576K
}
Event: 208,888 GC heap after
{Heap after GC invocations=21 (full 0):
 garbage-first heap   total 122880K, used 25293K [0x00000000d7400000, 0x0000000100000000)
  region size 1024K, 1 young (1024K), 1 survivors (1024K)
 Metaspace       used 22965K, capacity 23356K, committed 23728K, reserved 1071104K
  class space    used 2577K, capacity 2736K, committed 2816K, reserved 1048576K
}
Event: 242,779 GC heap before
{Heap before GC invocations=21 (full 0):
 garbage-first heap   total 122880K, used 30413K [0x00000000d7400000, 0x0000000100000000)
  region size 1024K, 6 young (6144K), 1 survivors (1024K)
 Metaspace       used 22995K, capacity 23356K, committed 23728K, reserved 1071104K
  class space    used 2577K, capacity 2736K, committed 2816K, reserved 1048576K
}
Event: 260,842 GC heap after
{Heap after GC invocations=22 (full 0):
 garbage-first heap   total 122880K, used 25577K [0x00000000d7400000, 0x0000000100000000)
  region size 1024K, 1 young (1024K), 1 survivors (1024K)
 Metaspace       used 22995K, capacity 23356K, committed 23728K, reserved 1071104K
  class space    used 2577K, capacity 2736K, committed 2816K, reserved 1048576K
}
Event: 359,814 GC heap before
{Heap before GC invocations=22 (full 0):
 garbage-first heap   total 122880K, used 30697K [0x00000000d7400000, 0x0000000100000000)
  region size 1024K, 6 young (6144K), 1 survivors (1024K)
 Metaspace       used 23009K, capacity 23356K, committed 23728K, reserved 1071104K
  class space    used 2577K, capacity 2736K, committed 2816K, reserved 1048576K
}
Event: 378,330 GC heap after
{Heap after GC invocations=23 (full 0):
 garbage-first heap   total 122880K, used 25665K [0x00000000d7400000, 0x0000000100000000)
  region size 1024K, 1 young (1024K), 1 survivors (1024K)
 Metaspace       used 23009K, capacity 23356K, committed 23728K, reserved 1071104K
  class space    used 2577K, capacity 2736K, committed 2816K, reserved 1048576K
}
Event: 396,658 GC heap before
{Heap before GC invocations=23 (full 0):
 garbage-first heap   total 122880K, used 30785K [0x00000000d7400000, 0x0000000100000000)
  region size 1024K, 6 young (6144K), 1 survivors (1024K)
 Metaspace       used 23021K, capacity 23423K, committed 23728K, reserved 1071104K
  class space    used 2577K, capacity 2737K, committed 2816K, reserved 1048576K
}
Event: 398,878 GC heap after
{Heap after GC invocations=24 (full 0):
 garbage-first heap   total 122880K, used 26498K [0x00000000d7400000, 0x0000000100000000)
  region size 1024K, 1 young (1024K), 1 survivors (1024K)
 Metaspace       used 23021K, capacity 23423K, committed 23728K, reserved 1071104K
  class space    used 2577K, capacity 2737K, committed 2816K, reserved 1048576K
}
Event: 421,344 GC heap before
{Heap before GC invocations=24 (full 0):
 garbage-first heap   total 122880K, used 30594K [0x00000000d7400000, 0x0000000100000000)
  region size 1024K, 6 young (6144K), 1 survivors (1024K)
 Metaspace       used 23046K, capacity 23424K, committed 23728K, reserved 1071104K
  class space    used 2577K, capacity 2737K, committed 2816K, reserved 1048576K
}

Deoptimization events (20 events):
Event: 179,662 Thread 0x00007f8394028000 DEOPT PACKING pc=0x00007f837d301399 sp=0x00007f839cf69340
Event: 179,662 Thread 0x00007f8394028000 DEOPT UNPACKING pc=0x00007f837c89d7ab sp=0x00007f839cf68828 mode 0
Event: 182,021 Thread 0x00007f8394028000 DEOPT PACKING pc=0x00007f837d49c370 sp=0x00007f839cf68a40
Event: 182,021 Thread 0x00007f8394028000 DEOPT UNPACKING pc=0x00007f837c89d7ab sp=0x00007f839cf67f90 mode 0
Event: 222,439 Thread 0x00007f8394028000 Uncommon trap: trap_request=0xfffffff4 fr.pc=0x00007f838454f318 relative=0x0000000000001b98
Event: 222,468 Thread 0x00007f8394028000 Uncommon trap: reason=null_check action=make_not_entrant pc=0x00007f838454f318 method=org.codehaus.plexus.interpolation.reflection.ReflectionValueExtractor.getClassMap(Ljava/lang/Class;)Lorg/codehaus/plexus/interpolation/reflection/ClassMap; @ 21 c2
Event: 222,469 Thread 0x00007f8394028000 DEOPT PACKING pc=0x00007f838454f318 sp=0x00007f839cf688c0
Event: 223,084 Thread 0x00007f8394028000 DEOPT UNPACKING pc=0x00007f837c89d39f sp=0x00007f839cf68820 mode 2
Event: 294,979 Thread 0x00007f8394028000 DEOPT PACKING pc=0x00007f837d79fdae sp=0x00007f839cf69320
Event: 294,979 Thread 0x00007f8394028000 DEOPT UNPACKING pc=0x00007f837c89d7ab sp=0x00007f839cf688d0 mode 0
Event: 294,980 Thread 0x00007f8394028000 DEOPT PACKING pc=0x00007f837d79fdae sp=0x00007f839cf69090
Event: 294,980 Thread 0x00007f8394028000 DEOPT UNPACKING pc=0x00007f837c89d7ab sp=0x00007f839cf68640 mode 0
Event: 294,982 Thread 0x00007f8394028000 DEOPT PACKING pc=0x00007f837d79fdae sp=0x00007f839cf69060
Event: 294,982 Thread 0x00007f8394028000 DEOPT UNPACKING pc=0x00007f837c89d7ab sp=0x00007f839cf68610 mode 0
Event: 393,166 Thread 0x00007f8394028000 DEOPT PACKING pc=0x00007f837d301399 sp=0x00007f839cf697b0
Event: 393,760 Thread 0x00007f8394028000 DEOPT UNPACKING pc=0x00007f837c89d7ab sp=0x00007f839cf68c98 mode 0
Event: 400,406 Thread 0x00007f8394028000 Uncommon trap: trap_request=0xfffffff4 fr.pc=0x00007f8384554fac relative=0x000000000000264c
Event: 400,406 Thread 0x00007f8394028000 Uncommon trap: reason=null_check action=make_not_entrant pc=0x00007f8384554fac method=org.codehaus.plexus.interpolation.reflection.ReflectionValueExtractor.getClassMap(Ljava/lang/Class;)Lorg/codehaus/plexus/interpolation/reflection/ClassMap; @ 9 c2
Event: 400,406 Thread 0x00007f8394028000 DEOPT PACKING pc=0x00007f8384554fac sp=0x00007f839cf67fa0
Event: 400,406 Thread 0x00007f8394028000 DEOPT UNPACKING pc=0x00007f837c89d39f sp=0x00007f839cf67f00 mode 2

Classes redefined (0 events):
No events

Internal exceptions (20 events):
Event: 400,406 Thread 0x00007f8394028000 Implicit null exception at 0x00007f8384552dd0 to 0x00007f8384554f88
Event: 413,558 Thread 0x00007f8394028000 Implicit null exception at 0x00007f837d64cd9f to 0x00007f837d6520a2
Event: 413,912 Thread 0x00007f8394028000 Exception <a 'java/lang/NullPointerException'{0x00000000de5c9fa0}> (0x00000000de5c9fa0) thrown at [src/hotspot/share/runtime/sharedRuntime.cpp, line 606]
Event: 413,912 Thread 0x00007f8394028000 Implicit null exception at 0x00007f837d64cd9f to 0x00007f837d6520a2
Event: 413,913 Thread 0x00007f8394028000 Exception <a 'java/lang/NullPointerException'{0x00000000de5ca528}> (0x00000000de5ca528) thrown at [src/hotspot/share/runtime/sharedRuntime.cpp, line 606]
Event: 413,913 Thread 0x00007f8394028000 Implicit null exception at 0x00007f837d64cd9f to 0x00007f837d6520a2
Event: 413,913 Thread 0x00007f8394028000 Exception <a 'java/lang/NullPointerException'{0x00000000de5caab0}> (0x00000000de5caab0) thrown at [src/hotspot/share/runtime/sharedRuntime.cpp, line 606]
Event: 413,913 Thread 0x00007f8394028000 Implicit null exception at 0x00007f837d64cd9f to 0x00007f837d6520a2
Event: 413,913 Thread 0x00007f8394028000 Exception <a 'java/lang/NullPointerException'{0x00000000de5cb558}> (0x00000000de5cb558) thrown at [src/hotspot/share/runtime/sharedRuntime.cpp, line 606]
Event: 413,913 Thread 0x00007f8394028000 Implicit null exception at 0x00007f837d64cd9f to 0x00007f837d6520a2
Event: 413,913 Thread 0x00007f8394028000 Exception <a 'java/lang/NullPointerException'{0x00000000de5cbd88}> (0x00000000de5cbd88) thrown at [src/hotspot/share/runtime/sharedRuntime.cpp, line 606]
Event: 413,913 Thread 0x00007f8394028000 Implicit null exception at 0x00007f837d64cd9f to 0x00007f837d6520a2
Event: 413,913 Thread 0x00007f8394028000 Exception <a 'java/lang/NullPointerException'{0x00000000de5cc310}> (0x00000000de5cc310) thrown at [src/hotspot/share/runtime/sharedRuntime.cpp, line 606]
Event: 413,913 Thread 0x00007f8394028000 Implicit null exception at 0x00007f837d64cd9f to 0x00007f837d6520a2
Event: 413,913 Thread 0x00007f8394028000 Exception <a 'java/lang/NullPointerException'{0x00000000de5ccd50}> (0x00000000de5ccd50) thrown at [src/hotspot/share/runtime/sharedRuntime.cpp, line 606]
Event: 413,913 Thread 0x00007f8394028000 Implicit null exception at 0x00007f837d64cd9f to 0x00007f837d6520a2
Event: 413,913 Thread 0x00007f8394028000 Exception <a 'java/lang/NullPointerException'{0x00000000de5cd2d8}> (0x00000000de5cd2d8) thrown at [src/hotspot/share/runtime/sharedRuntime.cpp, line 606]
Event: 413,913 Thread 0x00007f8394028000 Implicit null exception at 0x00007f837d64cd9f to 0x00007f837d6520a2
Event: 413,914 Thread 0x00007f8394028000 Exception <a 'java/lang/NullPointerException'{0x00000000de5cd860}> (0x00000000de5cd860) thrown at [src/hotspot/share/runtime/sharedRuntime.cpp, line 606]
Event: 415,690 Thread 0x00007f8394028000 Exception <a 'java/net/SocketTimeoutException'{0x00000000de5d6980}: Read timed out> (0x00000000de5d6980) thrown at [src/hotspot/share/prims/jni.cpp, line 636]

Events (20 events):
Event: 151,584 Executing VM operation: G1CollectForAllocation done
Event: 156,996 Executing VM operation: G1CollectForAllocation
Event: 157,049 Executing VM operation: G1CollectForAllocation done
Event: 162,080 Executing VM operation: G1CollectForAllocation
Event: 162,160 Executing VM operation: G1CollectForAllocation done
Event: 168,272 Executing VM operation: G1CollectForAllocation
Event: 168,632 Executing VM operation: G1CollectForAllocation done
Event: 177,123 Executing VM operation: G1CollectForAllocation
Event: 177,848 Executing VM operation: G1CollectForAllocation done
Event: 192,329 Executing VM operation: G1CollectForAllocation
Event: 196,639 Executing VM operation: G1CollectForAllocation done
Event: 206,029 Executing VM operation: G1CollectForAllocation
Event: 209,090 Executing VM operation: G1CollectForAllocation done
Event: 240,711 Executing VM operation: G1CollectForAllocation
Event: 260,933 Executing VM operation: G1CollectForAllocation done
Event: 357,176 Executing VM operation: G1CollectForAllocation
Event: 378,650 Executing VM operation: G1CollectForAllocation done
Event: 396,149 Executing VM operation: G1CollectForAllocation
Event: 399,114 Executing VM operation: G1CollectForAllocation done
Event: 421,210 Executing VM operation: G1CollectForAllocation


Dynamic libraries:
d7400000-dea00000 rw-p 00000000 00:00 0 
ebf00000-ffe00000 ---p 00000000 00:00 0 
ffe00000-ffe47000 rw-p 01111000 08:01 3551282                            /usr/lib/jvm/java-11-openjdk-amd64/lib/server/classes.jsa
ffe47000-fff00000 rw-p 00000000 00:00 0 
fff00000-fff6b000 rw-p 010a6000 08:01 3551282                            /usr/lib/jvm/java-11-openjdk-amd64/lib/server/classes.jsa
fff6b000-100000000 rw-p 00000000 00:00 0 
800000000-800002000 rwxp 00001000 08:01 3551282                          /usr/lib/jvm/java-11-openjdk-amd64/lib/server/classes.jsa
800002000-8003b9000 rw-p 00003000 08:01 3551282                          /usr/lib/jvm/java-11-openjdk-amd64/lib/server/classes.jsa
8003b9000-800a96000 r--p 003ba000 08:01 3551282                          /usr/lib/jvm/java-11-openjdk-amd64/lib/server/classes.jsa
800a96000-800a97000 rw-p 00a97000 08:01 3551282                          /usr/lib/jvm/java-11-openjdk-amd64/lib/server/classes.jsa
800a97000-8010a5000 r--p 00a98000 08:01 3551282                          /usr/lib/jvm/java-11-openjdk-amd64/lib/server/classes.jsa
840000000-8402c0000 rw-p 00000000 00:00 0 
8402c0000-880000000 ---p 00000000 00:00 0 
559b9e59a000-559b9e59b000 r-xp 00000000 08:01 4600567                    /usr/lib/jvm/java-11-openjdk-amd64/bin/java
559b9e79b000-559b9e79c000 r--p 00001000 08:01 4600567                    /usr/lib/jvm/java-11-openjdk-amd64/bin/java
559b9e79c000-559b9e79d000 rw-p 00002000 08:01 4600567                    /usr/lib/jvm/java-11-openjdk-amd64/bin/java
559ba0192000-559ba01b3000 rw-p 00000000 00:00 0                          [heap]
7f833e791000-7f833e811000 rw-p 00000000 00:00 0 
7f833e811000-7f833e991000 ---p 00000000 00:00 0 
7f833e991000-7f833eb7d000 rw-p 00000000 00:00 0 
7f833eb7d000-7f833eb91000 ---p 00000000 00:00 0 
7f833eb91000-7f833ed91000 rw-p 00000000 00:00 0 
7f833ed91000-7f833ed93000 r-xp 00000000 08:01 3424118                    /usr/lib/jvm/java-11-openjdk-amd64/lib/libextnet.so
7f833ed93000-7f833ef92000 ---p 00002000 08:01 3424118                    /usr/lib/jvm/java-11-openjdk-amd64/lib/libextnet.so
7f833ef92000-7f833ef93000 r--p 00001000 08:01 3424118                    /usr/lib/jvm/java-11-openjdk-amd64/lib/libextnet.so
7f833ef93000-7f833ef94000 rw-p 00002000 08:01 3424118                    /usr/lib/jvm/java-11-openjdk-amd64/lib/libextnet.so
7f833ef94000-7f833efab000 r-xp 00000000 08:01 23860483                   /lib/x86_64-linux-gnu/libresolv-2.23.so
7f833efab000-7f833f1ab000 ---p 00017000 08:01 23860483                   /lib/x86_64-linux-gnu/libresolv-2.23.so
7f833f1ab000-7f833f1ac000 r--p 00017000 08:01 23860483                   /lib/x86_64-linux-gnu/libresolv-2.23.so
7f833f1ac000-7f833f1ad000 rw-p 00018000 08:01 23860483                   /lib/x86_64-linux-gnu/libresolv-2.23.so
7f833f1ad000-7f833f1af000 rw-p 00000000 00:00 0 
7f833f1af000-7f833f1b4000 r-xp 00000000 08:01 23860470                   /lib/x86_64-linux-gnu/libnss_dns-2.23.so
7f833f1b4000-7f833f3b4000 ---p 00005000 08:01 23860470                   /lib/x86_64-linux-gnu/libnss_dns-2.23.so
7f833f3b4000-7f833f3b5000 r--p 00005000 08:01 23860470                   /lib/x86_64-linux-gnu/libnss_dns-2.23.so
7f833f3b5000-7f833f3b6000 rw-p 00006000 08:01 23860470                   /lib/x86_64-linux-gnu/libnss_dns-2.23.so
7f833f3b6000-7f833f3b8000 r-xp 00000000 08:01 23859911                   /lib/x86_64-linux-gnu/libnss_mdns4_minimal.so.2
7f833f3b8000-7f833f5b7000 ---p 00002000 08:01 23859911                   /lib/x86_64-linux-gnu/libnss_mdns4_minimal.so.2
7f833f5b7000-7f833f5b8000 r--p 00001000 08:01 23859911                   /lib/x86_64-linux-gnu/libnss_mdns4_minimal.so.2
7f833f5b8000-7f833f5b9000 rw-p 00002000 08:01 23859911                   /lib/x86_64-linux-gnu/libnss_mdns4_minimal.so.2
7f833f5b9000-7f833f7b9000 rw-p 00000000 00:00 0 
7f833f7b9000-7f833f7f9000 r-xp 00000000 08:01 3424073                    /usr/lib/jvm/java-11-openjdk-amd64/lib/libsunec.so
7f833f7f9000-7f833f9f9000 ---p 00040000 08:01 3424073                    /usr/lib/jvm/java-11-openjdk-amd64/lib/libsunec.so
7f833f9f9000-7f833f9fe000 r--p 00040000 08:01 3424073                    /usr/lib/jvm/java-11-openjdk-amd64/lib/libsunec.so
7f833f9fe000-7f833fa00000 rw-p 00045000 08:01 3424073                    /usr/lib/jvm/java-11-openjdk-amd64/lib/libsunec.so
7f833fa00000-7f833fc00000 rw-p 00000000 00:00 0 
7f833fc00000-7f833fe00000 rw-p 00000000 00:00 0 
7f833fe00000-7f8340000000 rw-p 00000000 00:00 0 
7f8340000000-7f8340021000 rw-p 00000000 00:00 0 
7f8340021000-7f8344000000 ---p 00000000 00:00 0 
7f8344000000-7f8344021000 rw-p 00000000 00:00 0 
7f8344021000-7f8348000000 ---p 00000000 00:00 0 
7f8348000000-7f8349913000 rw-p 00000000 00:00 0 
7f8349913000-7f834c000000 ---p 00000000 00:00 0 
7f834c000000-7f834c5e9000 rw-p 00000000 00:00 0 
7f834c5e9000-7f8350000000 ---p 00000000 00:00 0 
7f8350000000-7f8350021000 rw-p 00000000 00:00 0 
7f8350021000-7f8354000000 ---p 00000000 00:00 0 
7f8354000000-7f8354021000 rw-p 00000000 00:00 0 
7f8354021000-7f8358000000 ---p 00000000 00:00 0 
7f8358000000-7f8358021000 rw-p 00000000 00:00 0 
7f8358021000-7f835c000000 ---p 00000000 00:00 0 
7f835c000000-7f835c021000 rw-p 00000000 00:00 0 
7f835c021000-7f8360000000 ---p 00000000 00:00 0 
7f8360000000-7f8360021000 rw-p 00000000 00:00 0 
7f8360021000-7f8364000000 ---p 00000000 00:00 0 
7f8364000000-7f8364048000 rw-p 00000000 00:00 0 
7f8364048000-7f8368000000 ---p 00000000 00:00 0 
7f8368000000-7f8368021000 rw-p 00000000 00:00 0 
7f8368021000-7f836c000000 ---p 00000000 00:00 0 
7f836c000000-7f836c021000 rw-p 00000000 00:00 0 
7f836c021000-7f8370000000 ---p 00000000 00:00 0 
7f8370000000-7f8370021000 rw-p 00000000 00:00 0 
7f8370021000-7f8374000000 ---p 00000000 00:00 0 
7f837409f000-7f83740a0000 ---p 00000000 00:00 0 
7f83740a0000-7f83741a0000 rw-p 00000000 00:00 0 
7f83741a0000-7f83741a1000 ---p 00000000 00:00 0 
7f83741a1000-7f83742a1000 rw-p 00000000 00:00 0 
7f83742a1000-7f83742b7000 r-xp 00000000 08:01 3424064                    /usr/lib/jvm/java-11-openjdk-amd64/lib/libnet.so
7f83742b7000-7f83744b6000 ---p 00016000 08:01 3424064                    /usr/lib/jvm/java-11-openjdk-amd64/lib/libnet.so
7f83744b6000-7f83744b7000 r--p 00015000 08:01 3424064                    /usr/lib/jvm/java-11-openjdk-amd64/lib/libnet.so
7f83744b7000-7f83744b8000 rw-p 00016000 08:01 3424064                    /usr/lib/jvm/java-11-openjdk-amd64/lib/libnet.so
7f83744b8000-7f83744c8000 r-xp 00000000 08:01 3424056                    /usr/lib/jvm/java-11-openjdk-amd64/lib/libnio.so
7f83744c8000-7f83746c7000 ---p 00010000 08:01 3424056                    /usr/lib/jvm/java-11-openjdk-amd64/lib/libnio.so
7f83746c7000-7f83746c8000 r--p 0000f000 08:01 3424056                    /usr/lib/jvm/java-11-openjdk-amd64/lib/libnio.so
7f83746c8000-7f83746c9000 rw-p 00010000 08:01 3424056                    /usr/lib/jvm/java-11-openjdk-amd64/lib/libnio.so
7f83746c9000-7f83746cd000 ---p 00000000 00:00 0 
7f83746cd000-7f83747ca000 rw-p 00000000 00:00 0 
7f83747ca000-7f83747cb000 ---p 00000000 00:00 0 
7f83747cb000-7f83748cb000 rw-p 00000000 00:00 0 
7f83748cb000-7f83748cf000 ---p 00000000 00:00 0 
7f83748cf000-7f83749cc000 rw-p 00000000 00:00 0 
7f83749cc000-7f83749d0000 ---p 00000000 00:00 0 
7f83749d0000-7f8374acd000 rw-p 00000000 00:00 0 
7f8374acd000-7f8374ad1000 ---p 00000000 00:00 0 
7f8374ad1000-7f8374bce000 rw-p 00000000 00:00 0 
7f8374bce000-7f8374bd2000 ---p 00000000 00:00 0 
7f8374bd2000-7f8374ccf000 rw-p 00000000 00:00 0 
7f8374ccf000-7f8374cd3000 ---p 00000000 00:00 0 
7f8374cd3000-7f83777a8000 rw-p 00000000 00:00 0 
7f83777a8000-7f8377ff8000 ---p 00000000 00:00 0 
7f8377ff8000-7f8378000000 rw-p 00000000 00:00 0 
7f8378000000-7f8378031000 rw-p 00000000 00:00 0 
7f8378031000-7f837c000000 ---p 00000000 00:00 0 
7f837c019000-7f837c2f2000 r--p 00000000 08:01 15861041                   /usr/lib/locale/locale-archive
7f837c2f2000-7f837c2f6000 ---p 00000000 00:00 0 
7f837c2f6000-7f837c3f3000 rw-p 00000000 00:00 0 
7f837c3f3000-7f837c3f7000 ---p 00000000 00:00 0 
7f837c3f7000-7f837c4f4000 rw-p 00000000 00:00 0 
7f837c4f4000-7f837c4f5000 ---p 00000000 00:00 0 
7f837c4f5000-7f837c676000 rw-p 00000000 00:00 0 
7f837c676000-7f837c677000 ---p 00000000 00:00 0 
7f837c677000-7f837c777000 rw-p 00000000 00:00 0 
7f837c777000-7f837c778000 ---p 00000000 00:00 0 
7f837c778000-7f837c878000 rw-p 00000000 00:00 0 
7f837c878000-7f837cae8000 rwxp 00000000 00:00 0 
7f837cae8000-7f837ce07000 ---p 00000000 00:00 0 
7f837ce07000-7f837d817000 rwxp 00000000 00:00 0 
7f837d817000-7f838433f000 ---p 00000000 00:00 0 
7f838433f000-7f83845af000 rwxp 00000000 00:00 0 
7f83845af000-7f838b878000 ---p 00000000 00:00 0 
7f838b878000-7f8394000000 r--s 00000000 08:01 3424057                    /usr/lib/jvm/java-11-openjdk-amd64/lib/modules
7f8394000000-7f83949fa000 rw-p 00000000 00:00 0 
7f83949fa000-7f8398000000 ---p 00000000 00:00 0 
7f8398003000-7f8398260000 rw-p 00000000 00:00 0 
7f8398260000-7f8398261000 ---p 00000000 00:00 0 
7f8398261000-7f8398361000 rw-p 00000000 00:00 0 
7f8398361000-7f8398362000 ---p 00000000 00:00 0 
7f8398362000-7f839863a000 rw-p 00000000 00:00 0 
7f839863a000-7f8398e8a000 ---p 00000000 00:00 0 
7f8398e8a000-7f8398ecd000 rw-p 00000000 00:00 0 
7f8398ecd000-7f8398fd7000 ---p 00000000 00:00 0 
7f8398fd7000-7f8399013000 rw-p 00000000 00:00 0 
7f8399013000-7f839911d000 ---p 00000000 00:00 0 
7f839911d000-7f8399159000 rw-p 00000000 00:00 0 
7f8399159000-7f8399263000 ---p 00000000 00:00 0 
7f8399263000-7f8399466000 rw-p 00000000 00:00 0 
7f8399466000-7f8399467000 ---p 00000000 00:00 0 
7f8399467000-7f839956c000 rw-p 00000000 00:00 0 
7f839956c000-7f8399652000 ---p 00000000 00:00 0 
7f8399652000-7f8399667000 rw-p 00000000 00:00 0 
7f8399667000-7f839973d000 ---p 00000000 00:00 0 
7f839973d000-7f8399744000 r-xp 00000000 08:01 3424060                    /usr/lib/jvm/java-11-openjdk-amd64/lib/libzip.so
7f8399744000-7f8399943000 ---p 00007000 08:01 3424060                    /usr/lib/jvm/java-11-openjdk-amd64/lib/libzip.so
7f8399943000-7f8399944000 r--p 00006000 08:01 3424060                    /usr/lib/jvm/java-11-openjdk-amd64/lib/libzip.so
7f8399944000-7f8399945000 rw-p 00007000 08:01 3424060                    /usr/lib/jvm/java-11-openjdk-amd64/lib/libzip.so
7f8399945000-7f8399950000 r-xp 00000000 08:01 23860478                   /lib/x86_64-linux-gnu/libnss_files-2.23.so
7f8399950000-7f8399b4f000 ---p 0000b000 08:01 23860478                   /lib/x86_64-linux-gnu/libnss_files-2.23.so
7f8399b4f000-7f8399b50000 r--p 0000a000 08:01 23860478                   /lib/x86_64-linux-gnu/libnss_files-2.23.so
7f8399b50000-7f8399b51000 rw-p 0000b000 08:01 23860478                   /lib/x86_64-linux-gnu/libnss_files-2.23.so
7f8399b51000-7f8399b57000 rw-p 00000000 00:00 0 
7f8399b57000-7f8399b62000 r-xp 00000000 08:01 23860485                   /lib/x86_64-linux-gnu/libnss_nis-2.23.so
7f8399b62000-7f8399d61000 ---p 0000b000 08:01 23860485                   /lib/x86_64-linux-gnu/libnss_nis-2.23.so
7f8399d61000-7f8399d62000 r--p 0000a000 08:01 23860485                   /lib/x86_64-linux-gnu/libnss_nis-2.23.so
7f8399d62000-7f8399d63000 rw-p 0000b000 08:01 23860485                   /lib/x86_64-linux-gnu/libnss_nis-2.23.so
7f8399d63000-7f8399d79000 r-xp 00000000 08:01 23860486                   /lib/x86_64-linux-gnu/libnsl-2.23.so
7f8399d79000-7f8399f78000 ---p 00016000 08:01 23860486                   /lib/x86_64-linux-gnu/libnsl-2.23.so
7f8399f78000-7f8399f79000 r--p 00015000 08:01 23860486                   /lib/x86_64-linux-gnu/libnsl-2.23.so
7f8399f79000-7f8399f7a000 rw-p 00016000 08:01 23860486                   /lib/x86_64-linux-gnu/libnsl-2.23.so
7f8399f7a000-7f8399f7c000 rw-p 00000000 00:00 0 
7f8399f7c000-7f8399f84000 r-xp 00000000 08:01 23860488                   /lib/x86_64-linux-gnu/libnss_compat-2.23.so
7f8399f84000-7f839a183000 ---p 00008000 08:01 23860488                   /lib/x86_64-linux-gnu/libnss_compat-2.23.so
7f839a183000-7f839a184000 r--p 00007000 08:01 23860488                   /lib/x86_64-linux-gnu/libnss_compat-2.23.so
7f839a184000-7f839a185000 rw-p 00008000 08:01 23860488                   /lib/x86_64-linux-gnu/libnss_compat-2.23.so
7f839a185000-7f839a1a1000 r-xp 00000000 08:01 3424049                    /usr/lib/jvm/java-11-openjdk-amd64/lib/libjimage.so
7f839a1a1000-7f839a3a0000 ---p 0001c000 08:01 3424049                    /usr/lib/jvm/java-11-openjdk-amd64/lib/libjimage.so
7f839a3a0000-7f839a3a2000 r--p 0001b000 08:01 3424049                    /usr/lib/jvm/java-11-openjdk-amd64/lib/libjimage.so
7f839a3a2000-7f839a3a3000 rw-p 0001d000 08:01 3424049                    /usr/lib/jvm/java-11-openjdk-amd64/lib/libjimage.so
7f839a3a3000-7f839a3cb000 r-xp 00000000 08:01 3424071                    /usr/lib/jvm/java-11-openjdk-amd64/lib/libjava.so
7f839a3cb000-7f839a5cb000 ---p 00028000 08:01 3424071                    /usr/lib/jvm/java-11-openjdk-amd64/lib/libjava.so
7f839a5cb000-7f839a5cc000 r--p 00028000 08:01 3424071                    /usr/lib/jvm/java-11-openjdk-amd64/lib/libjava.so
7f839a5cc000-7f839a5cd000 rw-p 00029000 08:01 3424071                    /usr/lib/jvm/java-11-openjdk-amd64/lib/libjava.so
7f839a5cd000-7f839a5ce000 rw-p 00000000 00:00 0 
7f839a5ce000-7f839a5db000 r-xp 00000000 08:01 3424069                    /usr/lib/jvm/java-11-openjdk-amd64/lib/libverify.so
7f839a5db000-7f839a7da000 ---p 0000d000 08:01 3424069                    /usr/lib/jvm/java-11-openjdk-amd64/lib/libverify.so
7f839a7da000-7f839a7dc000 r--p 0000c000 08:01 3424069                    /usr/lib/jvm/java-11-openjdk-amd64/lib/libverify.so
7f839a7dc000-7f839a7dd000 rw-p 0000e000 08:01 3424069                    /usr/lib/jvm/java-11-openjdk-amd64/lib/libverify.so
7f839a7dd000-7f839a7e4000 r-xp 00000000 08:01 23860477                   /lib/x86_64-linux-gnu/librt-2.23.so
7f839a7e4000-7f839a9e3000 ---p 00007000 08:01 23860477                   /lib/x86_64-linux-gnu/librt-2.23.so
7f839a9e3000-7f839a9e4000 r--p 00006000 08:01 23860477                   /lib/x86_64-linux-gnu/librt-2.23.so
7f839a9e4000-7f839a9e5000 rw-p 00007000 08:01 23860477                   /lib/x86_64-linux-gnu/librt-2.23.so
7f839a9e5000-7f839aaed000 r-xp 00000000 08:01 23860482                   /lib/x86_64-linux-gnu/libm-2.23.so
7f839aaed000-7f839acec000 ---p 00108000 08:01 23860482                   /lib/x86_64-linux-gnu/libm-2.23.so
7f839acec000-7f839aced000 r--p 00107000 08:01 23860482                   /lib/x86_64-linux-gnu/libm-2.23.so
7f839aced000-7f839acee000 rw-p 00108000 08:01 23860482                   /lib/x86_64-linux-gnu/libm-2.23.so
7f839acee000-7f839be07000 r-xp 00000000 08:01 3551262                    /usr/lib/jvm/java-11-openjdk-amd64/lib/server/libjvm.so
7f839be07000-7f839c006000 ---p 01119000 08:01 3551262                    /usr/lib/jvm/java-11-openjdk-amd64/lib/server/libjvm.so
7f839c006000-7f839c0c8000 r--p 01118000 08:01 3551262                    /usr/lib/jvm/java-11-openjdk-amd64/lib/server/libjvm.so
7f839c0c8000-7f839c103000 rw-p 011da000 08:01 3551262                    /usr/lib/jvm/java-11-openjdk-amd64/lib/server/libjvm.so
7f839c103000-7f839c15a000 rw-p 00000000 00:00 0 
7f839c15a000-7f839c172000 r-xp 00000000 08:01 23860469                   /lib/x86_64-linux-gnu/libpthread-2.23.so
7f839c172000-7f839c371000 ---p 00018000 08:01 23860469                   /lib/x86_64-linux-gnu/libpthread-2.23.so
7f839c371000-7f839c372000 r--p 00017000 08:01 23860469                   /lib/x86_64-linux-gnu/libpthread-2.23.so
7f839c372000-7f839c373000 rw-p 00018000 08:01 23860469                   /lib/x86_64-linux-gnu/libpthread-2.23.so
7f839c373000-7f839c377000 rw-p 00000000 00:00 0 
7f839c377000-7f839c37a000 r-xp 00000000 08:01 23860474                   /lib/x86_64-linux-gnu/libdl-2.23.so
7f839c37a000-7f839c579000 ---p 00003000 08:01 23860474                   /lib/x86_64-linux-gnu/libdl-2.23.so
7f839c579000-7f839c57a000 r--p 00002000 08:01 23860474                   /lib/x86_64-linux-gnu/libdl-2.23.so
7f839c57a000-7f839c57b000 rw-p 00003000 08:01 23860474                   /lib/x86_64-linux-gnu/libdl-2.23.so
7f839c57b000-7f839c594000 r-xp 00000000 08:01 23859997                   /lib/x86_64-linux-gnu/libz.so.1.2.8
7f839c594000-7f839c793000 ---p 00019000 08:01 23859997                   /lib/x86_64-linux-gnu/libz.so.1.2.8
7f839c793000-7f839c794000 r--p 00018000 08:01 23859997                   /lib/x86_64-linux-gnu/libz.so.1.2.8
7f839c794000-7f839c795000 rw-p 00019000 08:01 23859997                   /lib/x86_64-linux-gnu/libz.so.1.2.8
7f839c795000-7f839c955000 r-xp 00000000 08:01 23860487                   /lib/x86_64-linux-gnu/libc-2.23.so
7f839c955000-7f839cb55000 ---p 001c0000 08:01 23860487                   /lib/x86_64-linux-gnu/libc-2.23.so
7f839cb55000-7f839cb59000 r--p 001c0000 08:01 23860487                   /lib/x86_64-linux-gnu/libc-2.23.so
7f839cb59000-7f839cb5b000 rw-p 001c4000 08:01 23860487                   /lib/x86_64-linux-gnu/libc-2.23.so
7f839cb5b000-7f839cb5f000 rw-p 00000000 00:00 0 
7f839cb5f000-7f839cb6e000 r-xp 00000000 08:01 3551260                    /usr/lib/jvm/java-11-openjdk-amd64/lib/jli/libjli.so
7f839cb6e000-7f839cd6d000 ---p 0000f000 08:01 3551260                    /usr/lib/jvm/java-11-openjdk-amd64/lib/jli/libjli.so
7f839cd6d000-7f839cd6e000 r--p 0000e000 08:01 3551260                    /usr/lib/jvm/java-11-openjdk-amd64/lib/jli/libjli.so
7f839cd6e000-7f839cd6f000 rw-p 0000f000 08:01 3551260                    /usr/lib/jvm/java-11-openjdk-amd64/lib/jli/libjli.so
7f839cd6f000-7f839cd95000 r-xp 00000000 08:01 23860479                   /lib/x86_64-linux-gnu/ld-2.23.so
7f839cdbc000-7f839ce6d000 rw-p 00000000 00:00 0 
7f839ce6d000-7f839ce71000 ---p 00000000 00:00 0 
7f839ce71000-7f839cf72000 rw-p 00000000 00:00 0 
7f839cf7b000-7f839cf80000 rw-p 00000000 00:00 0 
7f839cf80000-7f839cf87000 ---p 00000000 00:00 0 
7f839cf87000-7f839cf89000 r--s 00007000 08:01 16384283                   /usr/share/java/java-atk-wrapper.jar
7f839cf89000-7f839cf91000 rw-s 00000000 08:01 1704223                    /tmp/hsperfdata_root/641
7f839cf91000-7f839cf92000 ---p 00000000 00:00 0 
7f839cf92000-7f839cf93000 r--p 00000000 00:00 0 
7f839cf93000-7f839cf94000 rw-p 00000000 00:00 0 
7f839cf94000-7f839cf95000 r--p 00025000 08:01 23860479                   /lib/x86_64-linux-gnu/ld-2.23.so
7f839cf95000-7f839cf96000 rw-p 00026000 08:01 23860479                   /lib/x86_64-linux-gnu/ld-2.23.so
7f839cf96000-7f839cf97000 rw-p 00000000 00:00 0 
7ffd6ba73000-7ffd6ba94000 rw-p 00000000 00:00 0                          [stack]
7ffd6ba9d000-7ffd6baa0000 r--p 00000000 00:00 0                          [vvar]
7ffd6baa0000-7ffd6baa2000 r-xp 00000000 00:00 0                          [vdso]
ffffffffff600000-ffffffffff601000 r-xp 00000000 00:00 0                  [vsyscall]


VM Arguments:
jvm_args: -Dclassworlds.conf=/usr/share/maven/bin/m2.conf -Dmaven.home=/usr/share/maven -Dmaven.multiModuleProjectDirectory=/home/nindaba/Documents/Spring/Restorant/user-service 
java_command: org.codehaus.plexus.classworlds.launcher.Launcher install
java_class_path (initial): /usr/share/maven/boot/plexus-classworlds-2.x.jar
Launcher Type: SUN_STANDARD

[Global flags]
     intx CICompilerCount                          = 2                                         {product} {ergonomic}
     uint ConcGCThreads                            = 1                                         {product} {ergonomic}
     uint G1ConcRefinementThreads                  = 2                                         {product} {ergonomic}
   size_t G1HeapRegionSize                         = 1048576                                   {product} {ergonomic}
    uintx GCDrainStackTargetSize                   = 64                                        {product} {ergonomic}
   size_t InitialHeapSize                          = 44040192                                  {product} {ergonomic}
   size_t MarkStackSize                            = 4194304                                   {product} {ergonomic}
   size_t MaxHeapSize                              = 683671552                                 {product} {ergonomic}
   size_t MaxNewSize                               = 409993216                                 {product} {ergonomic}
   size_t MinHeapDeltaBytes                        = 1048576                                   {product} {ergonomic}
    uintx NonNMethodCodeHeapSize                   = 5825164                                {pd product} {ergonomic}
    uintx NonProfiledCodeHeapSize                  = 122916538                              {pd product} {ergonomic}
    uintx ProfiledCodeHeapSize                     = 122916538                              {pd product} {ergonomic}
    uintx ReservedCodeCacheSize                    = 251658240                              {pd product} {ergonomic}
     bool SegmentedCodeCache                       = true                                      {product} {ergonomic}
     bool UseCompressedClassPointers               = true                                 {lp64_product} {ergonomic}
     bool UseCompressedOops                        = true                                 {lp64_product} {ergonomic}
     bool UseG1GC                                  = true                                      {product} {ergonomic}

Logging:
Log output configuration:
 #0: stdout all=warning uptime,level,tags
 #1: stderr all=off uptime,level,tags

Environment Variables:
JAVA_HOME=/usr/lib/jvm/java-11-openjdk-amd64
PATH=/usr/local/sbin:/usr/local/bin:/usr/sbin:/usr/bin:/sbin:/bin:/snap/bin
USERNAME=root
SHELL=/bin/bash
DISPLAY=:0
LANG=en_US.UTF-8

Signal Handlers:
SIGSEGV: [libjvm.so+0xe1e650], sa_mask[0]=11111111011111111101111111111110, sa_flags=SA_RESTART|SA_SIGINFO
SIGBUS: [libjvm.so+0xe1e650], sa_mask[0]=11111111011111111101111111111110, sa_flags=SA_RESTART|SA_SIGINFO
SIGFPE: [libjvm.so+0xe1e650], sa_mask[0]=11111111011111111101111111111110, sa_flags=SA_RESTART|SA_SIGINFO
SIGPIPE: [libjvm.so+0xb72da0], sa_mask[0]=11111111011111111101111111111110, sa_flags=SA_RESTART|SA_SIGINFO
SIGXFSZ: [libjvm.so+0xb72da0], sa_mask[0]=11111111011111111101111111111110, sa_flags=SA_RESTART|SA_SIGINFO
SIGILL: [libjvm.so+0xe1e650], sa_mask[0]=11111111011111111101111111111110, sa_flags=SA_RESTART|SA_SIGINFO
SIGUSR2: [libjvm.so+0xb72c30], sa_mask[0]=00000000000000000000000000000000, sa_flags=SA_RESTART|SA_SIGINFO
SIGHUP: [libjvm.so+0xb730e0], sa_mask[0]=11111111011111111101111111111110, sa_flags=SA_RESTART|SA_SIGINFO
SIGINT: [libjvm.so+0xb730e0], sa_mask[0]=11111111011111111101111111111110, sa_flags=SA_RESTART|SA_SIGINFO
SIGTERM: [libjvm.so+0xb730e0], sa_mask[0]=11111111011111111101111111111110, sa_flags=SA_RESTART|SA_SIGINFO
SIGQUIT: [libjvm.so+0xb730e0], sa_mask[0]=11111111011111111101111111111110, sa_flags=SA_RESTART|SA_SIGINFO


---------------  S Y S T E M  ---------------

OS:DISTRIB_ID=Ubuntu
DISTRIB_RELEASE=16.04
DISTRIB_CODENAME=xenial
DISTRIB_DESCRIPTION="Ubuntu 16.04.7 LTS"
uname:Linux 4.15.0-142-generic #146~16.04.1-Ubuntu SMP Tue Apr 13 09:27:15 UTC 2021 x86_64
OS uptime: 0 days 20:14 hours
libc:glibc 2.23 NPTL 2.23 
rlimit (soft/hard): STACK 8192k/infinity , CORE 0k/infinity , NPROC 10160/10160 , NOFILE 1048576/1048576 , AS infinity/infinity , CPU infinity/infinity , DATA infinity/infinity , FSIZE infinity/infinity , MEMLOCK 64k/64k
load average:9,21 8,59 5,28

/proc/meminfo:
MemTotal:        2664980 kB
MemFree:           68268 kB
MemAvailable:      56624 kB
Buffers:            2008 kB
Cached:           116580 kB
SwapCached:         7244 kB
Active:          1534236 kB
Inactive:         588776 kB
Active(anon):    1499884 kB
Inactive(anon):   544308 kB
Active(file):      34352 kB
Inactive(file):    44468 kB
Unevictable:         144 kB
Mlocked:             144 kB
SwapTotal:        998396 kB
SwapFree:              0 kB
Dirty:               208 kB
Writeback:             0 kB
AnonPages:       1997592 kB
Mapped:            75676 kB
Shmem:             39664 kB
Slab:             142332 kB
SReclaimable:      53196 kB
SUnreclaim:        89136 kB
KernelStack:       14928 kB
PageTables:        67856 kB
NFS_Unstable:          0 kB
Bounce:                0 kB
WritebackTmp:          0 kB
CommitLimit:     2330884 kB
Committed_AS:   10345364 kB
VmallocTotal:   34359738367 kB
VmallocUsed:           0 kB
VmallocChunk:          0 kB
HardwareCorrupted:     0 kB
AnonHugePages:         0 kB
ShmemHugePages:        0 kB
ShmemPmdMapped:        0 kB
CmaTotal:              0 kB
CmaFree:               0 kB
HugePages_Total:       0
HugePages_Free:        0
HugePages_Rsvd:        0
HugePages_Surp:        0
Hugepagesize:       2048 kB
DirectMap4k:     2329892 kB
DirectMap2M:      401408 kB
DirectMap1G:           0 kB

/sys/kernel/mm/transparent_hugepage/enabled:
always [madvise] never
/sys/kernel/mm/transparent_hugepage/defrag (defrag/compaction efforts parameter):
always defer defer+madvise [madvise] never

Process Memory:
Virtual Size: 3062824K (peak: 12074076K)
Resident Set Size: 152620K (peak: 159572K) (anon: 150788K, file: 1832K, shmem: 0K)
Swapped out: 0K
C-Heap outstanding allocations: 12353K

/proc/sys/kernel/threads-max (system-wide limit on the number of threads):
20320
/proc/sys/vm/max_map_count (maximum number of memory map areas a process may have):
65530
/proc/sys/kernel/pid_max (system-wide limit on number of process identifiers):
32768

container (cgroup) information:
container_type: cgroupv1
cpu_cpuset_cpus: 0-1
cpu_memory_nodes: 0
active_processor_count: 2
cpu_quota: -1
cpu_period: 100000
cpu_shares: -1
memory_limit_in_bytes: -1
memory_and_swap_limit_in_bytes: -2
memory_soft_limit_in_bytes: -1
memory_usage_in_bytes: 2180837376
memory_max_usage_in_bytes: 2350415872

Steal ticks since vm start: 0
Steal ticks percentage since vm start:  0,000

CPU:total 2 (initial active 2) (2 cores per cpu, 1 threads per core) family 20 model 1 stepping 0 microcode 0x5000029, cmov, cx8, fxsr, mmx, sse, sse2, sse3, ssse3, popcnt, mmxext, lzcnt, sse4a, tsc, tscinvbit, tscinv
CPU Model and flags from /proc/cpuinfo:
model name	: AMD E-350 Processor
flags		: fpu vme de pse tsc msr pae mce cx8 apic sep mtrr pge mca cmov pat pse36 clflush mmx fxsr sse sse2 ht syscall nx mmxext fxsr_opt pdpe1gb rdtscp lm constant_tsc rep_good nopl nonstop_tsc cpuid extd_apicid aperfmperf pni monitor ssse3 cx16 popcnt lahf_lm cmp_legacy svm extapic cr8_legacy abm sse4a misalignsse 3dnowprefetch ibs skinit wdt hw_pstate vmmcall arat npt lbrv svm_lock nrip_save pausefilter
Online cpus:
0-1
Offline cpus:
2-3
BIOS frequency limitation:
1600000
Frequency switch latency (ns):
0
Available cpu frequencies:
1600000 1280000 800000 
Current governor:
ondemand
Core performance/turbo boost:
<Not Available>

Memory: 4k page, physical 2664980k(68268k free), swap 998396k(0k free)

vm_info: OpenJDK 64-Bit Server VM (11.0.11+9-Ubuntu-0ubuntu2.16.04) for linux-amd64 JRE (11.0.11+9-Ubuntu-0ubuntu2.16.04), built on Apr 21 2021 12:18:39 by "unknown" with gcc 8.4.0

END.
